{"/Volumes/A2/Download/bueno2/app.ts":{"path":"/Volumes/A2/Download/bueno2/app.ts","statementMap":{"0":{"start":{"line":2,"column":16},"end":{"line":9,"column":1}},"1":{"start":{"line":3,"column":4},"end":{"line":8,"column":7}},"2":{"start":{"line":4,"column":36},"end":{"line":4,"column":97}},"3":{"start":{"line":4,"column":42},"end":{"line":4,"column":70}},"4":{"start":{"line":4,"column":85},"end":{"line":4,"column":95}},"5":{"start":{"line":5,"column":35},"end":{"line":5,"column":100}},"6":{"start":{"line":5,"column":41},"end":{"line":5,"column":73}},"7":{"start":{"line":5,"column":88},"end":{"line":5,"column":98}},"8":{"start":{"line":6,"column":32},"end":{"line":6,"column":149}},"9":{"start":{"line":6,"column":97},"end":{"line":6,"column":119}},"10":{"start":{"line":7,"column":8},"end":{"line":7,"column":78}},"11":{"start":{"line":10,"column":18},"end":{"line":36,"column":1}},"12":{"start":{"line":11,"column":12},"end":{"line":11,"column":104}},"13":{"start":{"line":11,"column":43},"end":{"line":11,"column":68}},"14":{"start":{"line":11,"column":57},"end":{"line":11,"column":68}},"15":{"start":{"line":11,"column":69},"end":{"line":11,"column":81}},"16":{"start":{"line":12,"column":4},"end":{"line":12,"column":157}},"17":{"start":{"line":12,"column":138},"end":{"line":12,"column":150}},"18":{"start":{"line":13,"column":23},"end":{"line":13,"column":68}},"19":{"start":{"line":13,"column":45},"end":{"line":13,"column":65}},"20":{"start":{"line":15,"column":8},"end":{"line":15,"column":70}},"21":{"start":{"line":15,"column":15},"end":{"line":15,"column":70}},"22":{"start":{"line":16,"column":8},"end":{"line":33,"column":66}},"23":{"start":{"line":16,"column":18},"end":{"line":33,"column":66}},"24":{"start":{"line":17,"column":12},"end":{"line":17,"column":127}},"25":{"start":{"line":17,"column":118},"end":{"line":17,"column":127}},"26":{"start":{"line":18,"column":12},"end":{"line":18,"column":44}},"27":{"start":{"line":18,"column":26},"end":{"line":18,"column":44}},"28":{"start":{"line":19,"column":12},"end":{"line":31,"column":13}},"29":{"start":{"line":20,"column":32},"end":{"line":20,"column":39}},"30":{"start":{"line":20,"column":40},"end":{"line":20,"column":46}},"31":{"start":{"line":21,"column":24},"end":{"line":21,"column":34}},"32":{"start":{"line":21,"column":35},"end":{"line":21,"column":72}},"33":{"start":{"line":22,"column":24},"end":{"line":22,"column":34}},"34":{"start":{"line":22,"column":35},"end":{"line":22,"column":45}},"35":{"start":{"line":22,"column":46},"end":{"line":22,"column":55}},"36":{"start":{"line":22,"column":56},"end":{"line":22,"column":65}},"37":{"start":{"line":23,"column":24},"end":{"line":23,"column":41}},"38":{"start":{"line":23,"column":42},"end":{"line":23,"column":55}},"39":{"start":{"line":23,"column":56},"end":{"line":23,"column":65}},"40":{"start":{"line":25,"column":20},"end":{"line":25,"column":128}},"41":{"start":{"line":25,"column":110},"end":{"line":25,"column":116}},"42":{"start":{"line":25,"column":117},"end":{"line":25,"column":126}},"43":{"start":{"line":26,"column":20},"end":{"line":26,"column":106}},"44":{"start":{"line":26,"column":81},"end":{"line":26,"column":97}},"45":{"start":{"line":26,"column":98},"end":{"line":26,"column":104}},"46":{"start":{"line":27,"column":20},"end":{"line":27,"column":89}},"47":{"start":{"line":27,"column":57},"end":{"line":27,"column":72}},"48":{"start":{"line":27,"column":73},"end":{"line":27,"column":80}},"49":{"start":{"line":27,"column":81},"end":{"line":27,"column":87}},"50":{"start":{"line":28,"column":20},"end":{"line":28,"column":87}},"51":{"start":{"line":28,"column":47},"end":{"line":28,"column":62}},"52":{"start":{"line":28,"column":63},"end":{"line":28,"column":78}},"53":{"start":{"line":28,"column":79},"end":{"line":28,"column":85}},"54":{"start":{"line":29,"column":20},"end":{"line":29,"column":42}},"55":{"start":{"line":29,"column":30},"end":{"line":29,"column":42}},"56":{"start":{"line":30,"column":20},"end":{"line":30,"column":33}},"57":{"start":{"line":30,"column":34},"end":{"line":30,"column":43}},"58":{"start":{"line":32,"column":12},"end":{"line":32,"column":39}},"59":{"start":{"line":33,"column":22},"end":{"line":33,"column":34}},"60":{"start":{"line":33,"column":35},"end":{"line":33,"column":41}},"61":{"start":{"line":33,"column":54},"end":{"line":33,"column":64}},"62":{"start":{"line":34,"column":8},"end":{"line":34,"column":35}},"63":{"start":{"line":34,"column":23},"end":{"line":34,"column":35}},"64":{"start":{"line":34,"column":36},"end":{"line":34,"column":89}},"65":{"start":{"line":37,"column":22},"end":{"line":39,"column":1}},"66":{"start":{"line":38,"column":4},"end":{"line":38,"column":62}},"67":{"start":{"line":40,"column":19},"end":{"line":46,"column":1}},"68":{"start":{"line":41,"column":4},"end":{"line":41,"column":42}},"69":{"start":{"line":41,"column":31},"end":{"line":41,"column":42}},"70":{"start":{"line":42,"column":17},"end":{"line":42,"column":19}},"71":{"start":{"line":43,"column":4},"end":{"line":43,"column":99}},"72":{"start":{"line":43,"column":21},"end":{"line":43,"column":99}},"73":{"start":{"line":43,"column":40},"end":{"line":43,"column":99}},"74":{"start":{"line":43,"column":80},"end":{"line":43,"column":99}},"75":{"start":{"line":44,"column":4},"end":{"line":44,"column":28}},"76":{"start":{"line":45,"column":4},"end":{"line":45,"column":18}},"77":{"start":{"line":47,"column":0},"end":{"line":47,"column":62}},"78":{"start":{"line":48,"column":16},"end":{"line":48,"column":51}},"79":{"start":{"line":49,"column":17},"end":{"line":49,"column":53}},"80":{"start":{"line":50,"column":24},"end":{"line":50,"column":76}},"81":{"start":{"line":51,"column":24},"end":{"line":51,"column":76}},"82":{"start":{"line":52,"column":24},"end":{"line":52,"column":76}},"83":{"start":{"line":54,"column":4},"end":{"line":68,"column":7}},"84":{"start":{"line":56,"column":8},"end":{"line":67,"column":11}},"85":{"start":{"line":57,"column":12},"end":{"line":57,"column":38}},"86":{"start":{"line":60,"column":12},"end":{"line":60,"column":39}},"87":{"start":{"line":61,"column":12},"end":{"line":61,"column":63}},"88":{"start":{"line":63,"column":12},"end":{"line":63,"column":73}},"89":{"start":{"line":64,"column":12},"end":{"line":64,"column":77}},"90":{"start":{"line":65,"column":12},"end":{"line":65,"column":70}},"91":{"start":{"line":66,"column":12},"end":{"line":66,"column":39}},"92":{"start":{"line":70,"column":0},"end":{"line":70,"column":24}}},"fnMap":{"0":{"name":"(anonymous_0)","decl":{"start":{"line":2,"column":44},"end":{"line":2,"column":45}},"loc":{"start":{"line":2,"column":89},"end":{"line":9,"column":1}},"line":2},"1":{"name":"(anonymous_1)","decl":{"start":{"line":3,"column":36},"end":{"line":3,"column":37}},"loc":{"start":{"line":3,"column":63},"end":{"line":8,"column":5}},"line":3},"2":{"name":"fulfilled","decl":{"start":{"line":4,"column":17},"end":{"line":4,"column":26}},"loc":{"start":{"line":4,"column":34},"end":{"line":4,"column":99}},"line":4},"3":{"name":"rejected","decl":{"start":{"line":5,"column":17},"end":{"line":5,"column":25}},"loc":{"start":{"line":5,"column":33},"end":{"line":5,"column":102}},"line":5},"4":{"name":"step","decl":{"start":{"line":6,"column":17},"end":{"line":6,"column":21}},"loc":{"start":{"line":6,"column":30},"end":{"line":6,"column":151}},"line":6},"5":{"name":"(anonymous_5)","decl":{"start":{"line":6,"column":76},"end":{"line":6,"column":77}},"loc":{"start":{"line":6,"column":95},"end":{"line":6,"column":121}},"line":6},"6":{"name":"(anonymous_6)","decl":{"start":{"line":10,"column":48},"end":{"line":10,"column":49}},"loc":{"start":{"line":10,"column":73},"end":{"line":36,"column":1}},"line":10},"7":{"name":"(anonymous_7)","decl":{"start":{"line":11,"column":30},"end":{"line":11,"column":31}},"loc":{"start":{"line":11,"column":41},"end":{"line":11,"column":83}},"line":11},"8":{"name":"(anonymous_8)","decl":{"start":{"line":12,"column":125},"end":{"line":12,"column":126}},"loc":{"start":{"line":12,"column":136},"end":{"line":12,"column":152}},"line":12},"9":{"name":"verb","decl":{"start":{"line":13,"column":13},"end":{"line":13,"column":17}},"loc":{"start":{"line":13,"column":21},"end":{"line":13,"column":70}},"line":13},"10":{"name":"(anonymous_10)","decl":{"start":{"line":13,"column":30},"end":{"line":13,"column":31}},"loc":{"start":{"line":13,"column":43},"end":{"line":13,"column":67}},"line":13},"11":{"name":"step","decl":{"start":{"line":14,"column":13},"end":{"line":14,"column":17}},"loc":{"start":{"line":14,"column":22},"end":{"line":35,"column":5}},"line":14},"12":{"name":"(anonymous_12)","decl":{"start":{"line":37,"column":56},"end":{"line":37,"column":57}},"loc":{"start":{"line":37,"column":71},"end":{"line":39,"column":1}},"line":37},"13":{"name":"(anonymous_13)","decl":{"start":{"line":40,"column":50},"end":{"line":40,"column":51}},"loc":{"start":{"line":40,"column":65},"end":{"line":46,"column":1}},"line":40},"14":{"name":"getApp","decl":{"start":{"line":53,"column":9},"end":{"line":53,"column":15}},"loc":{"start":{"line":53,"column":18},"end":{"line":69,"column":1}},"line":53},"15":{"name":"(anonymous_15)","decl":{"start":{"line":54,"column":43},"end":{"line":54,"column":44}},"loc":{"start":{"line":54,"column":55},"end":{"line":68,"column":5}},"line":54},"16":{"name":"(anonymous_16)","decl":{"start":{"line":56,"column":33},"end":{"line":56,"column":34}},"loc":{"start":{"line":56,"column":47},"end":{"line":67,"column":9}},"line":56}},"branchMap":{"0":{"loc":{"start":{"line":2,"column":16},"end":{"line":9,"column":1}},"type":"binary-expr","locations":[{"start":{"line":2,"column":17},"end":{"line":2,"column":21}},{"start":{"line":2,"column":25},"end":{"line":2,"column":39}},{"start":{"line":2,"column":44},"end":{"line":9,"column":1}}],"line":2},"1":{"loc":{"start":{"line":3,"column":16},"end":{"line":3,"column":34}},"type":"binary-expr","locations":[{"start":{"line":3,"column":16},"end":{"line":3,"column":17}},{"start":{"line":3,"column":22},"end":{"line":3,"column":33}}],"line":3},"2":{"loc":{"start":{"line":6,"column":32},"end":{"line":6,"column":148}},"type":"cond-expr","locations":[{"start":{"line":6,"column":46},"end":{"line":6,"column":67}},{"start":{"line":6,"column":70},"end":{"line":6,"column":148}}],"line":6},"3":{"loc":{"start":{"line":7,"column":51},"end":{"line":7,"column":67}},"type":"binary-expr","locations":[{"start":{"line":7,"column":51},"end":{"line":7,"column":61}},{"start":{"line":7,"column":65},"end":{"line":7,"column":67}}],"line":7},"4":{"loc":{"start":{"line":10,"column":18},"end":{"line":36,"column":1}},"type":"binary-expr","locations":[{"start":{"line":10,"column":19},"end":{"line":10,"column":23}},{"start":{"line":10,"column":27},"end":{"line":10,"column":43}},{"start":{"line":10,"column":48},"end":{"line":36,"column":1}}],"line":10},"5":{"loc":{"start":{"line":11,"column":43},"end":{"line":11,"column":68}},"type":"if","locations":[{"start":{"line":11,"column":43},"end":{"line":11,"column":68}},{"start":{"line":11,"column":43},"end":{"line":11,"column":68}}],"line":11},"6":{"loc":{"start":{"line":12,"column":71},"end":{"line":12,"column":153}},"type":"binary-expr","locations":[{"start":{"line":12,"column":71},"end":{"line":12,"column":99}},{"start":{"line":12,"column":104},"end":{"line":12,"column":152}}],"line":12},"7":{"loc":{"start":{"line":15,"column":8},"end":{"line":15,"column":70}},"type":"if","locations":[{"start":{"line":15,"column":8},"end":{"line":15,"column":70}},{"start":{"line":15,"column":8},"end":{"line":15,"column":70}}],"line":15},"8":{"loc":{"start":{"line":17,"column":12},"end":{"line":17,"column":127}},"type":"if","locations":[{"start":{"line":17,"column":12},"end":{"line":17,"column":127}},{"start":{"line":17,"column":12},"end":{"line":17,"column":127}}],"line":17},"9":{"loc":{"start":{"line":17,"column":23},"end":{"line":17,"column":116}},"type":"binary-expr","locations":[{"start":{"line":17,"column":23},"end":{"line":17,"column":24}},{"start":{"line":17,"column":29},"end":{"line":17,"column":83}},{"start":{"line":17,"column":88},"end":{"line":17,"column":116}}],"line":17},"10":{"loc":{"start":{"line":17,"column":35},"end":{"line":17,"column":82}},"type":"cond-expr","locations":[{"start":{"line":17,"column":47},"end":{"line":17,"column":55}},{"start":{"line":17,"column":58},"end":{"line":17,"column":82}}],"line":17},"11":{"loc":{"start":{"line":17,"column":58},"end":{"line":17,"column":82}},"type":"cond-expr","locations":[{"start":{"line":17,"column":66},"end":{"line":17,"column":73}},{"start":{"line":17,"column":76},"end":{"line":17,"column":82}}],"line":17},"12":{"loc":{"start":{"line":18,"column":12},"end":{"line":18,"column":44}},"type":"if","locations":[{"start":{"line":18,"column":12},"end":{"line":18,"column":44}},{"start":{"line":18,"column":12},"end":{"line":18,"column":44}}],"line":18},"13":{"loc":{"start":{"line":19,"column":12},"end":{"line":31,"column":13}},"type":"switch","locations":[{"start":{"line":20,"column":16},"end":{"line":20,"column":23}},{"start":{"line":20,"column":24},"end":{"line":20,"column":46}},{"start":{"line":21,"column":16},"end":{"line":21,"column":72}},{"start":{"line":22,"column":16},"end":{"line":22,"column":65}},{"start":{"line":23,"column":16},"end":{"line":23,"column":65}},{"start":{"line":24,"column":16},"end":{"line":30,"column":43}}],"line":19},"14":{"loc":{"start":{"line":25,"column":20},"end":{"line":25,"column":128}},"type":"if","locations":[{"start":{"line":25,"column":20},"end":{"line":25,"column":128}},{"start":{"line":25,"column":20},"end":{"line":25,"column":128}}],"line":25},"15":{"loc":{"start":{"line":25,"column":24},"end":{"line":25,"column":106}},"type":"binary-expr","locations":[{"start":{"line":25,"column":24},"end":{"line":25,"column":74}},{"start":{"line":25,"column":79},"end":{"line":25,"column":90}},{"start":{"line":25,"column":94},"end":{"line":25,"column":105}}],"line":25},"16":{"loc":{"start":{"line":25,"column":42},"end":{"line":25,"column":73}},"type":"binary-expr","locations":[{"start":{"line":25,"column":42},"end":{"line":25,"column":54}},{"start":{"line":25,"column":58},"end":{"line":25,"column":73}}],"line":25},"17":{"loc":{"start":{"line":26,"column":20},"end":{"line":26,"column":106}},"type":"if","locations":[{"start":{"line":26,"column":20},"end":{"line":26,"column":106}},{"start":{"line":26,"column":20},"end":{"line":26,"column":106}}],"line":26},"18":{"loc":{"start":{"line":26,"column":24},"end":{"line":26,"column":77}},"type":"binary-expr","locations":[{"start":{"line":26,"column":24},"end":{"line":26,"column":35}},{"start":{"line":26,"column":40},"end":{"line":26,"column":42}},{"start":{"line":26,"column":47},"end":{"line":26,"column":59}},{"start":{"line":26,"column":63},"end":{"line":26,"column":75}}],"line":26},"19":{"loc":{"start":{"line":27,"column":20},"end":{"line":27,"column":89}},"type":"if","locations":[{"start":{"line":27,"column":20},"end":{"line":27,"column":89}},{"start":{"line":27,"column":20},"end":{"line":27,"column":89}}],"line":27},"20":{"loc":{"start":{"line":27,"column":24},"end":{"line":27,"column":53}},"type":"binary-expr","locations":[{"start":{"line":27,"column":24},"end":{"line":27,"column":35}},{"start":{"line":27,"column":39},"end":{"line":27,"column":53}}],"line":27},"21":{"loc":{"start":{"line":28,"column":20},"end":{"line":28,"column":87}},"type":"if","locations":[{"start":{"line":28,"column":20},"end":{"line":28,"column":87}},{"start":{"line":28,"column":20},"end":{"line":28,"column":87}}],"line":28},"22":{"loc":{"start":{"line":28,"column":24},"end":{"line":28,"column":43}},"type":"binary-expr","locations":[{"start":{"line":28,"column":24},"end":{"line":28,"column":25}},{"start":{"line":28,"column":29},"end":{"line":28,"column":43}}],"line":28},"23":{"loc":{"start":{"line":29,"column":20},"end":{"line":29,"column":42}},"type":"if","locations":[{"start":{"line":29,"column":20},"end":{"line":29,"column":42}},{"start":{"line":29,"column":20},"end":{"line":29,"column":42}}],"line":29},"24":{"loc":{"start":{"line":34,"column":8},"end":{"line":34,"column":35}},"type":"if","locations":[{"start":{"line":34,"column":8},"end":{"line":34,"column":35}},{"start":{"line":34,"column":8},"end":{"line":34,"column":35}}],"line":34},"25":{"loc":{"start":{"line":34,"column":52},"end":{"line":34,"column":74}},"type":"cond-expr","locations":[{"start":{"line":34,"column":60},"end":{"line":34,"column":65}},{"start":{"line":34,"column":68},"end":{"line":34,"column":74}}],"line":34},"26":{"loc":{"start":{"line":37,"column":22},"end":{"line":39,"column":1}},"type":"binary-expr","locations":[{"start":{"line":37,"column":23},"end":{"line":37,"column":27}},{"start":{"line":37,"column":31},"end":{"line":37,"column":51}},{"start":{"line":37,"column":56},"end":{"line":39,"column":1}}],"line":37},"27":{"loc":{"start":{"line":38,"column":11},"end":{"line":38,"column":61}},"type":"cond-expr","locations":[{"start":{"line":38,"column":37},"end":{"line":38,"column":40}},{"start":{"line":38,"column":43},"end":{"line":38,"column":61}}],"line":38},"28":{"loc":{"start":{"line":38,"column":12},"end":{"line":38,"column":33}},"type":"binary-expr","locations":[{"start":{"line":38,"column":12},"end":{"line":38,"column":15}},{"start":{"line":38,"column":19},"end":{"line":38,"column":33}}],"line":38},"29":{"loc":{"start":{"line":40,"column":19},"end":{"line":46,"column":1}},"type":"binary-expr","locations":[{"start":{"line":40,"column":20},"end":{"line":40,"column":24}},{"start":{"line":40,"column":28},"end":{"line":40,"column":45}},{"start":{"line":40,"column":50},"end":{"line":46,"column":1}}],"line":40},"30":{"loc":{"start":{"line":41,"column":4},"end":{"line":41,"column":42}},"type":"if","locations":[{"start":{"line":41,"column":4},"end":{"line":41,"column":42}},{"start":{"line":41,"column":4},"end":{"line":41,"column":42}}],"line":41},"31":{"loc":{"start":{"line":41,"column":8},"end":{"line":41,"column":29}},"type":"binary-expr","locations":[{"start":{"line":41,"column":8},"end":{"line":41,"column":11}},{"start":{"line":41,"column":15},"end":{"line":41,"column":29}}],"line":41},"32":{"loc":{"start":{"line":43,"column":4},"end":{"line":43,"column":99}},"type":"if","locations":[{"start":{"line":43,"column":4},"end":{"line":43,"column":99}},{"start":{"line":43,"column":4},"end":{"line":43,"column":99}}],"line":43},"33":{"loc":{"start":{"line":43,"column":40},"end":{"line":43,"column":99}},"type":"if","locations":[{"start":{"line":43,"column":40},"end":{"line":43,"column":99}},{"start":{"line":43,"column":40},"end":{"line":43,"column":99}}],"line":43}},"s":{"0":0,"1":0,"2":0,"3":0,"4":0,"5":0,"6":0,"7":0,"8":0,"9":0,"10":0,"11":0,"12":0,"13":0,"14":0,"15":0,"16":0,"17":0,"18":0,"19":0,"20":0,"21":0,"22":0,"23":0,"24":0,"25":0,"26":0,"27":0,"28":0,"29":0,"30":0,"31":0,"32":0,"33":0,"34":0,"35":0,"36":0,"37":0,"38":0,"39":0,"40":0,"41":0,"42":0,"43":0,"44":0,"45":0,"46":0,"47":0,"48":0,"49":0,"50":0,"51":0,"52":0,"53":0,"54":0,"55":0,"56":0,"57":0,"58":0,"59":0,"60":0,"61":0,"62":0,"63":0,"64":0,"65":0,"66":0,"67":0,"68":0,"69":0,"70":0,"71":0,"72":0,"73":0,"74":0,"75":0,"76":0,"77":0,"78":0,"79":0,"80":0,"81":0,"82":0,"83":0,"84":0,"85":0,"86":0,"87":0,"88":0,"89":0,"90":0,"91":0,"92":0},"f":{"0":0,"1":0,"2":0,"3":0,"4":0,"5":0,"6":0,"7":0,"8":0,"9":0,"10":0,"11":0,"12":0,"13":0,"14":0,"15":0,"16":0},"b":{"0":[0,0,0],"1":[0,0],"2":[0,0],"3":[0,0],"4":[0,0,0],"5":[0,0],"6":[0,0],"7":[0,0],"8":[0,0],"9":[0,0,0],"10":[0,0],"11":[0,0],"12":[0,0],"13":[0,0,0,0,0,0],"14":[0,0],"15":[0,0,0],"16":[0,0],"17":[0,0],"18":[0,0,0,0],"19":[0,0],"20":[0,0],"21":[0,0],"22":[0,0],"23":[0,0],"24":[0,0],"25":[0,0],"26":[0,0,0],"27":[0,0],"28":[0,0],"29":[0,0,0],"30":[0,0],"31":[0,0],"32":[0,0],"33":[0,0]}},"/Volumes/A2/Download/bueno2/db.ts":{"path":"/Volumes/A2/Download/bueno2/db.ts","statementMap":{"0":{"start":{"line":2,"column":16},"end":{"line":9,"column":1}},"1":{"start":{"line":3,"column":4},"end":{"line":8,"column":7}},"2":{"start":{"line":4,"column":36},"end":{"line":4,"column":97}},"3":{"start":{"line":4,"column":42},"end":{"line":4,"column":70}},"4":{"start":{"line":4,"column":85},"end":{"line":4,"column":95}},"5":{"start":{"line":5,"column":35},"end":{"line":5,"column":100}},"6":{"start":{"line":5,"column":41},"end":{"line":5,"column":73}},"7":{"start":{"line":5,"column":88},"end":{"line":5,"column":98}},"8":{"start":{"line":6,"column":32},"end":{"line":6,"column":149}},"9":{"start":{"line":6,"column":97},"end":{"line":6,"column":119}},"10":{"start":{"line":7,"column":8},"end":{"line":7,"column":78}},"11":{"start":{"line":10,"column":18},"end":{"line":36,"column":1}},"12":{"start":{"line":11,"column":12},"end":{"line":11,"column":104}},"13":{"start":{"line":11,"column":43},"end":{"line":11,"column":68}},"14":{"start":{"line":11,"column":57},"end":{"line":11,"column":68}},"15":{"start":{"line":11,"column":69},"end":{"line":11,"column":81}},"16":{"start":{"line":12,"column":4},"end":{"line":12,"column":157}},"17":{"start":{"line":12,"column":138},"end":{"line":12,"column":150}},"18":{"start":{"line":13,"column":23},"end":{"line":13,"column":68}},"19":{"start":{"line":13,"column":45},"end":{"line":13,"column":65}},"20":{"start":{"line":15,"column":8},"end":{"line":15,"column":70}},"21":{"start":{"line":15,"column":15},"end":{"line":15,"column":70}},"22":{"start":{"line":16,"column":8},"end":{"line":33,"column":66}},"23":{"start":{"line":16,"column":18},"end":{"line":33,"column":66}},"24":{"start":{"line":17,"column":12},"end":{"line":17,"column":127}},"25":{"start":{"line":17,"column":118},"end":{"line":17,"column":127}},"26":{"start":{"line":18,"column":12},"end":{"line":18,"column":44}},"27":{"start":{"line":18,"column":26},"end":{"line":18,"column":44}},"28":{"start":{"line":19,"column":12},"end":{"line":31,"column":13}},"29":{"start":{"line":20,"column":32},"end":{"line":20,"column":39}},"30":{"start":{"line":20,"column":40},"end":{"line":20,"column":46}},"31":{"start":{"line":21,"column":24},"end":{"line":21,"column":34}},"32":{"start":{"line":21,"column":35},"end":{"line":21,"column":72}},"33":{"start":{"line":22,"column":24},"end":{"line":22,"column":34}},"34":{"start":{"line":22,"column":35},"end":{"line":22,"column":45}},"35":{"start":{"line":22,"column":46},"end":{"line":22,"column":55}},"36":{"start":{"line":22,"column":56},"end":{"line":22,"column":65}},"37":{"start":{"line":23,"column":24},"end":{"line":23,"column":41}},"38":{"start":{"line":23,"column":42},"end":{"line":23,"column":55}},"39":{"start":{"line":23,"column":56},"end":{"line":23,"column":65}},"40":{"start":{"line":25,"column":20},"end":{"line":25,"column":128}},"41":{"start":{"line":25,"column":110},"end":{"line":25,"column":116}},"42":{"start":{"line":25,"column":117},"end":{"line":25,"column":126}},"43":{"start":{"line":26,"column":20},"end":{"line":26,"column":106}},"44":{"start":{"line":26,"column":81},"end":{"line":26,"column":97}},"45":{"start":{"line":26,"column":98},"end":{"line":26,"column":104}},"46":{"start":{"line":27,"column":20},"end":{"line":27,"column":89}},"47":{"start":{"line":27,"column":57},"end":{"line":27,"column":72}},"48":{"start":{"line":27,"column":73},"end":{"line":27,"column":80}},"49":{"start":{"line":27,"column":81},"end":{"line":27,"column":87}},"50":{"start":{"line":28,"column":20},"end":{"line":28,"column":87}},"51":{"start":{"line":28,"column":47},"end":{"line":28,"column":62}},"52":{"start":{"line":28,"column":63},"end":{"line":28,"column":78}},"53":{"start":{"line":28,"column":79},"end":{"line":28,"column":85}},"54":{"start":{"line":29,"column":20},"end":{"line":29,"column":42}},"55":{"start":{"line":29,"column":30},"end":{"line":29,"column":42}},"56":{"start":{"line":30,"column":20},"end":{"line":30,"column":33}},"57":{"start":{"line":30,"column":34},"end":{"line":30,"column":43}},"58":{"start":{"line":32,"column":12},"end":{"line":32,"column":39}},"59":{"start":{"line":33,"column":22},"end":{"line":33,"column":34}},"60":{"start":{"line":33,"column":35},"end":{"line":33,"column":41}},"61":{"start":{"line":33,"column":54},"end":{"line":33,"column":64}},"62":{"start":{"line":34,"column":8},"end":{"line":34,"column":35}},"63":{"start":{"line":34,"column":23},"end":{"line":34,"column":35}},"64":{"start":{"line":34,"column":36},"end":{"line":34,"column":89}},"65":{"start":{"line":37,"column":0},"end":{"line":37,"column":62}},"66":{"start":{"line":38,"column":16},"end":{"line":38,"column":34}},"67":{"start":{"line":39,"column":13},"end":{"line":39,"column":51}},"68":{"start":{"line":40,"column":13},"end":{"line":40,"column":51}},"69":{"start":{"line":41,"column":13},"end":{"line":41,"column":51}},"70":{"start":{"line":43,"column":4},"end":{"line":87,"column":7}},"71":{"start":{"line":45,"column":8},"end":{"line":86,"column":11}},"72":{"start":{"line":46,"column":12},"end":{"line":85,"column":13}},"73":{"start":{"line":48,"column":20},"end":{"line":48,"column":77}},"74":{"start":{"line":49,"column":20},"end":{"line":49,"column":70}},"75":{"start":{"line":50,"column":20},"end":{"line":50,"column":41}},"76":{"start":{"line":51,"column":20},"end":{"line":51,"column":76}},"77":{"start":{"line":52,"column":20},"end":{"line":52,"column":41}},"78":{"start":{"line":53,"column":20},"end":{"line":57,"column":22}},"79":{"start":{"line":58,"column":20},"end":{"line":67,"column":28}},"80":{"start":{"line":69,"column":20},"end":{"line":69,"column":37}},"81":{"start":{"line":70,"column":20},"end":{"line":70,"column":70}},"82":{"start":{"line":71,"column":20},"end":{"line":73,"column":28}},"83":{"start":{"line":75,"column":20},"end":{"line":75,"column":40}},"84":{"start":{"line":76,"column":20},"end":{"line":76,"column":73}},"85":{"start":{"line":76,"column":49},"end":{"line":76,"column":73}},"86":{"start":{"line":77,"column":20},"end":{"line":80,"column":28}},"87":{"start":{"line":82,"column":20},"end":{"line":82,"column":30}},"88":{"start":{"line":83,"column":20},"end":{"line":83,"column":33}},"89":{"start":{"line":84,"column":24},"end":{"line":84,"column":52}},"90":{"start":{"line":89,"column":0},"end":{"line":89,"column":44}}},"fnMap":{"0":{"name":"(anonymous_0)","decl":{"start":{"line":2,"column":44},"end":{"line":2,"column":45}},"loc":{"start":{"line":2,"column":89},"end":{"line":9,"column":1}},"line":2},"1":{"name":"(anonymous_1)","decl":{"start":{"line":3,"column":36},"end":{"line":3,"column":37}},"loc":{"start":{"line":3,"column":63},"end":{"line":8,"column":5}},"line":3},"2":{"name":"fulfilled","decl":{"start":{"line":4,"column":17},"end":{"line":4,"column":26}},"loc":{"start":{"line":4,"column":34},"end":{"line":4,"column":99}},"line":4},"3":{"name":"rejected","decl":{"start":{"line":5,"column":17},"end":{"line":5,"column":25}},"loc":{"start":{"line":5,"column":33},"end":{"line":5,"column":102}},"line":5},"4":{"name":"step","decl":{"start":{"line":6,"column":17},"end":{"line":6,"column":21}},"loc":{"start":{"line":6,"column":30},"end":{"line":6,"column":151}},"line":6},"5":{"name":"(anonymous_5)","decl":{"start":{"line":6,"column":76},"end":{"line":6,"column":77}},"loc":{"start":{"line":6,"column":95},"end":{"line":6,"column":121}},"line":6},"6":{"name":"(anonymous_6)","decl":{"start":{"line":10,"column":48},"end":{"line":10,"column":49}},"loc":{"start":{"line":10,"column":73},"end":{"line":36,"column":1}},"line":10},"7":{"name":"(anonymous_7)","decl":{"start":{"line":11,"column":30},"end":{"line":11,"column":31}},"loc":{"start":{"line":11,"column":41},"end":{"line":11,"column":83}},"line":11},"8":{"name":"(anonymous_8)","decl":{"start":{"line":12,"column":125},"end":{"line":12,"column":126}},"loc":{"start":{"line":12,"column":136},"end":{"line":12,"column":152}},"line":12},"9":{"name":"verb","decl":{"start":{"line":13,"column":13},"end":{"line":13,"column":17}},"loc":{"start":{"line":13,"column":21},"end":{"line":13,"column":70}},"line":13},"10":{"name":"(anonymous_10)","decl":{"start":{"line":13,"column":30},"end":{"line":13,"column":31}},"loc":{"start":{"line":13,"column":43},"end":{"line":13,"column":67}},"line":13},"11":{"name":"step","decl":{"start":{"line":14,"column":13},"end":{"line":14,"column":17}},"loc":{"start":{"line":14,"column":22},"end":{"line":35,"column":5}},"line":14},"12":{"name":"connecToDatabase","decl":{"start":{"line":42,"column":9},"end":{"line":42,"column":25}},"loc":{"start":{"line":42,"column":28},"end":{"line":88,"column":1}},"line":42},"13":{"name":"(anonymous_13)","decl":{"start":{"line":43,"column":43},"end":{"line":43,"column":44}},"loc":{"start":{"line":43,"column":55},"end":{"line":87,"column":5}},"line":43},"14":{"name":"(anonymous_14)","decl":{"start":{"line":45,"column":33},"end":{"line":45,"column":34}},"loc":{"start":{"line":45,"column":47},"end":{"line":86,"column":9}},"line":45}},"branchMap":{"0":{"loc":{"start":{"line":2,"column":16},"end":{"line":9,"column":1}},"type":"binary-expr","locations":[{"start":{"line":2,"column":17},"end":{"line":2,"column":21}},{"start":{"line":2,"column":25},"end":{"line":2,"column":39}},{"start":{"line":2,"column":44},"end":{"line":9,"column":1}}],"line":2},"1":{"loc":{"start":{"line":3,"column":16},"end":{"line":3,"column":34}},"type":"binary-expr","locations":[{"start":{"line":3,"column":16},"end":{"line":3,"column":17}},{"start":{"line":3,"column":22},"end":{"line":3,"column":33}}],"line":3},"2":{"loc":{"start":{"line":6,"column":32},"end":{"line":6,"column":148}},"type":"cond-expr","locations":[{"start":{"line":6,"column":46},"end":{"line":6,"column":67}},{"start":{"line":6,"column":70},"end":{"line":6,"column":148}}],"line":6},"3":{"loc":{"start":{"line":7,"column":51},"end":{"line":7,"column":67}},"type":"binary-expr","locations":[{"start":{"line":7,"column":51},"end":{"line":7,"column":61}},{"start":{"line":7,"column":65},"end":{"line":7,"column":67}}],"line":7},"4":{"loc":{"start":{"line":10,"column":18},"end":{"line":36,"column":1}},"type":"binary-expr","locations":[{"start":{"line":10,"column":19},"end":{"line":10,"column":23}},{"start":{"line":10,"column":27},"end":{"line":10,"column":43}},{"start":{"line":10,"column":48},"end":{"line":36,"column":1}}],"line":10},"5":{"loc":{"start":{"line":11,"column":43},"end":{"line":11,"column":68}},"type":"if","locations":[{"start":{"line":11,"column":43},"end":{"line":11,"column":68}},{"start":{"line":11,"column":43},"end":{"line":11,"column":68}}],"line":11},"6":{"loc":{"start":{"line":12,"column":71},"end":{"line":12,"column":153}},"type":"binary-expr","locations":[{"start":{"line":12,"column":71},"end":{"line":12,"column":99}},{"start":{"line":12,"column":104},"end":{"line":12,"column":152}}],"line":12},"7":{"loc":{"start":{"line":15,"column":8},"end":{"line":15,"column":70}},"type":"if","locations":[{"start":{"line":15,"column":8},"end":{"line":15,"column":70}},{"start":{"line":15,"column":8},"end":{"line":15,"column":70}}],"line":15},"8":{"loc":{"start":{"line":17,"column":12},"end":{"line":17,"column":127}},"type":"if","locations":[{"start":{"line":17,"column":12},"end":{"line":17,"column":127}},{"start":{"line":17,"column":12},"end":{"line":17,"column":127}}],"line":17},"9":{"loc":{"start":{"line":17,"column":23},"end":{"line":17,"column":116}},"type":"binary-expr","locations":[{"start":{"line":17,"column":23},"end":{"line":17,"column":24}},{"start":{"line":17,"column":29},"end":{"line":17,"column":83}},{"start":{"line":17,"column":88},"end":{"line":17,"column":116}}],"line":17},"10":{"loc":{"start":{"line":17,"column":35},"end":{"line":17,"column":82}},"type":"cond-expr","locations":[{"start":{"line":17,"column":47},"end":{"line":17,"column":55}},{"start":{"line":17,"column":58},"end":{"line":17,"column":82}}],"line":17},"11":{"loc":{"start":{"line":17,"column":58},"end":{"line":17,"column":82}},"type":"cond-expr","locations":[{"start":{"line":17,"column":66},"end":{"line":17,"column":73}},{"start":{"line":17,"column":76},"end":{"line":17,"column":82}}],"line":17},"12":{"loc":{"start":{"line":18,"column":12},"end":{"line":18,"column":44}},"type":"if","locations":[{"start":{"line":18,"column":12},"end":{"line":18,"column":44}},{"start":{"line":18,"column":12},"end":{"line":18,"column":44}}],"line":18},"13":{"loc":{"start":{"line":19,"column":12},"end":{"line":31,"column":13}},"type":"switch","locations":[{"start":{"line":20,"column":16},"end":{"line":20,"column":23}},{"start":{"line":20,"column":24},"end":{"line":20,"column":46}},{"start":{"line":21,"column":16},"end":{"line":21,"column":72}},{"start":{"line":22,"column":16},"end":{"line":22,"column":65}},{"start":{"line":23,"column":16},"end":{"line":23,"column":65}},{"start":{"line":24,"column":16},"end":{"line":30,"column":43}}],"line":19},"14":{"loc":{"start":{"line":25,"column":20},"end":{"line":25,"column":128}},"type":"if","locations":[{"start":{"line":25,"column":20},"end":{"line":25,"column":128}},{"start":{"line":25,"column":20},"end":{"line":25,"column":128}}],"line":25},"15":{"loc":{"start":{"line":25,"column":24},"end":{"line":25,"column":106}},"type":"binary-expr","locations":[{"start":{"line":25,"column":24},"end":{"line":25,"column":74}},{"start":{"line":25,"column":79},"end":{"line":25,"column":90}},{"start":{"line":25,"column":94},"end":{"line":25,"column":105}}],"line":25},"16":{"loc":{"start":{"line":25,"column":42},"end":{"line":25,"column":73}},"type":"binary-expr","locations":[{"start":{"line":25,"column":42},"end":{"line":25,"column":54}},{"start":{"line":25,"column":58},"end":{"line":25,"column":73}}],"line":25},"17":{"loc":{"start":{"line":26,"column":20},"end":{"line":26,"column":106}},"type":"if","locations":[{"start":{"line":26,"column":20},"end":{"line":26,"column":106}},{"start":{"line":26,"column":20},"end":{"line":26,"column":106}}],"line":26},"18":{"loc":{"start":{"line":26,"column":24},"end":{"line":26,"column":77}},"type":"binary-expr","locations":[{"start":{"line":26,"column":24},"end":{"line":26,"column":35}},{"start":{"line":26,"column":40},"end":{"line":26,"column":42}},{"start":{"line":26,"column":47},"end":{"line":26,"column":59}},{"start":{"line":26,"column":63},"end":{"line":26,"column":75}}],"line":26},"19":{"loc":{"start":{"line":27,"column":20},"end":{"line":27,"column":89}},"type":"if","locations":[{"start":{"line":27,"column":20},"end":{"line":27,"column":89}},{"start":{"line":27,"column":20},"end":{"line":27,"column":89}}],"line":27},"20":{"loc":{"start":{"line":27,"column":24},"end":{"line":27,"column":53}},"type":"binary-expr","locations":[{"start":{"line":27,"column":24},"end":{"line":27,"column":35}},{"start":{"line":27,"column":39},"end":{"line":27,"column":53}}],"line":27},"21":{"loc":{"start":{"line":28,"column":20},"end":{"line":28,"column":87}},"type":"if","locations":[{"start":{"line":28,"column":20},"end":{"line":28,"column":87}},{"start":{"line":28,"column":20},"end":{"line":28,"column":87}}],"line":28},"22":{"loc":{"start":{"line":28,"column":24},"end":{"line":28,"column":43}},"type":"binary-expr","locations":[{"start":{"line":28,"column":24},"end":{"line":28,"column":25}},{"start":{"line":28,"column":29},"end":{"line":28,"column":43}}],"line":28},"23":{"loc":{"start":{"line":29,"column":20},"end":{"line":29,"column":42}},"type":"if","locations":[{"start":{"line":29,"column":20},"end":{"line":29,"column":42}},{"start":{"line":29,"column":20},"end":{"line":29,"column":42}}],"line":29},"24":{"loc":{"start":{"line":34,"column":8},"end":{"line":34,"column":35}},"type":"if","locations":[{"start":{"line":34,"column":8},"end":{"line":34,"column":35}},{"start":{"line":34,"column":8},"end":{"line":34,"column":35}}],"line":34},"25":{"loc":{"start":{"line":34,"column":52},"end":{"line":34,"column":74}},"type":"cond-expr","locations":[{"start":{"line":34,"column":60},"end":{"line":34,"column":65}},{"start":{"line":34,"column":68},"end":{"line":34,"column":74}}],"line":34},"26":{"loc":{"start":{"line":46,"column":12},"end":{"line":85,"column":13}},"type":"switch","locations":[{"start":{"line":47,"column":16},"end":{"line":67,"column":28}},{"start":{"line":68,"column":16},"end":{"line":73,"column":28}},{"start":{"line":74,"column":16},"end":{"line":80,"column":28}},{"start":{"line":81,"column":16},"end":{"line":83,"column":33}},{"start":{"line":84,"column":16},"end":{"line":84,"column":52}}],"line":46},"27":{"loc":{"start":{"line":48,"column":36},"end":{"line":48,"column":76}},"type":"binary-expr","locations":[{"start":{"line":48,"column":36},"end":{"line":48,"column":61}},{"start":{"line":48,"column":65},"end":{"line":48,"column":76}}],"line":48},"28":{"loc":{"start":{"line":49,"column":36},"end":{"line":49,"column":69}},"type":"binary-expr","locations":[{"start":{"line":49,"column":36},"end":{"line":49,"column":61}},{"start":{"line":49,"column":65},"end":{"line":49,"column":69}}],"line":49},"29":{"loc":{"start":{"line":51,"column":40},"end":{"line":51,"column":75}},"type":"binary-expr","locations":[{"start":{"line":51,"column":40},"end":{"line":51,"column":69}},{"start":{"line":51,"column":73},"end":{"line":51,"column":75}}],"line":51},"30":{"loc":{"start":{"line":76,"column":20},"end":{"line":76,"column":73}},"type":"if","locations":[{"start":{"line":76,"column":20},"end":{"line":76,"column":73}},{"start":{"line":76,"column":20},"end":{"line":76,"column":73}}],"line":76}},"s":{"0":0,"1":0,"2":0,"3":0,"4":0,"5":0,"6":0,"7":0,"8":0,"9":0,"10":0,"11":0,"12":0,"13":0,"14":0,"15":0,"16":0,"17":0,"18":0,"19":0,"20":0,"21":0,"22":0,"23":0,"24":0,"25":0,"26":0,"27":0,"28":0,"29":0,"30":0,"31":0,"32":0,"33":0,"34":0,"35":0,"36":0,"37":0,"38":0,"39":0,"40":0,"41":0,"42":0,"43":0,"44":0,"45":0,"46":0,"47":0,"48":0,"49":0,"50":0,"51":0,"52":0,"53":0,"54":0,"55":0,"56":0,"57":0,"58":0,"59":0,"60":0,"61":0,"62":0,"63":0,"64":0,"65":0,"66":0,"67":0,"68":0,"69":0,"70":0,"71":0,"72":0,"73":0,"74":0,"75":0,"76":0,"77":0,"78":0,"79":0,"80":0,"81":0,"82":0,"83":0,"84":0,"85":0,"86":0,"87":0,"88":0,"89":0,"90":0},"f":{"0":0,"1":0,"2":0,"3":0,"4":0,"5":0,"6":0,"7":0,"8":0,"9":0,"10":0,"11":0,"12":0,"13":0,"14":0},"b":{"0":[0,0,0],"1":[0,0],"2":[0,0],"3":[0,0],"4":[0,0,0],"5":[0,0],"6":[0,0],"7":[0,0],"8":[0,0],"9":[0,0,0],"10":[0,0],"11":[0,0],"12":[0,0],"13":[0,0,0,0,0,0],"14":[0,0],"15":[0,0,0],"16":[0,0],"17":[0,0],"18":[0,0,0,0],"19":[0,0],"20":[0,0],"21":[0,0],"22":[0,0],"23":[0,0],"24":[0,0],"25":[0,0],"26":[0,0,0,0,0],"27":[0,0],"28":[0,0],"29":[0,0],"30":[0,0]}},"/Volumes/A2/Download/bueno2/index.ts":{"path":"/Volumes/A2/Download/bueno2/index.ts","statementMap":{"0":{"start":{"line":2,"column":16},"end":{"line":9,"column":1}},"1":{"start":{"line":3,"column":4},"end":{"line":8,"column":7}},"2":{"start":{"line":4,"column":36},"end":{"line":4,"column":97}},"3":{"start":{"line":4,"column":42},"end":{"line":4,"column":70}},"4":{"start":{"line":4,"column":85},"end":{"line":4,"column":95}},"5":{"start":{"line":5,"column":35},"end":{"line":5,"column":100}},"6":{"start":{"line":5,"column":41},"end":{"line":5,"column":73}},"7":{"start":{"line":5,"column":88},"end":{"line":5,"column":98}},"8":{"start":{"line":6,"column":32},"end":{"line":6,"column":149}},"9":{"start":{"line":6,"column":97},"end":{"line":6,"column":119}},"10":{"start":{"line":7,"column":8},"end":{"line":7,"column":78}},"11":{"start":{"line":10,"column":18},"end":{"line":36,"column":1}},"12":{"start":{"line":11,"column":12},"end":{"line":11,"column":104}},"13":{"start":{"line":11,"column":43},"end":{"line":11,"column":68}},"14":{"start":{"line":11,"column":57},"end":{"line":11,"column":68}},"15":{"start":{"line":11,"column":69},"end":{"line":11,"column":81}},"16":{"start":{"line":12,"column":4},"end":{"line":12,"column":157}},"17":{"start":{"line":12,"column":138},"end":{"line":12,"column":150}},"18":{"start":{"line":13,"column":23},"end":{"line":13,"column":68}},"19":{"start":{"line":13,"column":45},"end":{"line":13,"column":65}},"20":{"start":{"line":15,"column":8},"end":{"line":15,"column":70}},"21":{"start":{"line":15,"column":15},"end":{"line":15,"column":70}},"22":{"start":{"line":16,"column":8},"end":{"line":33,"column":66}},"23":{"start":{"line":16,"column":18},"end":{"line":33,"column":66}},"24":{"start":{"line":17,"column":12},"end":{"line":17,"column":127}},"25":{"start":{"line":17,"column":118},"end":{"line":17,"column":127}},"26":{"start":{"line":18,"column":12},"end":{"line":18,"column":44}},"27":{"start":{"line":18,"column":26},"end":{"line":18,"column":44}},"28":{"start":{"line":19,"column":12},"end":{"line":31,"column":13}},"29":{"start":{"line":20,"column":32},"end":{"line":20,"column":39}},"30":{"start":{"line":20,"column":40},"end":{"line":20,"column":46}},"31":{"start":{"line":21,"column":24},"end":{"line":21,"column":34}},"32":{"start":{"line":21,"column":35},"end":{"line":21,"column":72}},"33":{"start":{"line":22,"column":24},"end":{"line":22,"column":34}},"34":{"start":{"line":22,"column":35},"end":{"line":22,"column":45}},"35":{"start":{"line":22,"column":46},"end":{"line":22,"column":55}},"36":{"start":{"line":22,"column":56},"end":{"line":22,"column":65}},"37":{"start":{"line":23,"column":24},"end":{"line":23,"column":41}},"38":{"start":{"line":23,"column":42},"end":{"line":23,"column":55}},"39":{"start":{"line":23,"column":56},"end":{"line":23,"column":65}},"40":{"start":{"line":25,"column":20},"end":{"line":25,"column":128}},"41":{"start":{"line":25,"column":110},"end":{"line":25,"column":116}},"42":{"start":{"line":25,"column":117},"end":{"line":25,"column":126}},"43":{"start":{"line":26,"column":20},"end":{"line":26,"column":106}},"44":{"start":{"line":26,"column":81},"end":{"line":26,"column":97}},"45":{"start":{"line":26,"column":98},"end":{"line":26,"column":104}},"46":{"start":{"line":27,"column":20},"end":{"line":27,"column":89}},"47":{"start":{"line":27,"column":57},"end":{"line":27,"column":72}},"48":{"start":{"line":27,"column":73},"end":{"line":27,"column":80}},"49":{"start":{"line":27,"column":81},"end":{"line":27,"column":87}},"50":{"start":{"line":28,"column":20},"end":{"line":28,"column":87}},"51":{"start":{"line":28,"column":47},"end":{"line":28,"column":62}},"52":{"start":{"line":28,"column":63},"end":{"line":28,"column":78}},"53":{"start":{"line":28,"column":79},"end":{"line":28,"column":85}},"54":{"start":{"line":29,"column":20},"end":{"line":29,"column":42}},"55":{"start":{"line":29,"column":30},"end":{"line":29,"column":42}},"56":{"start":{"line":30,"column":20},"end":{"line":30,"column":33}},"57":{"start":{"line":30,"column":34},"end":{"line":30,"column":43}},"58":{"start":{"line":32,"column":12},"end":{"line":32,"column":39}},"59":{"start":{"line":33,"column":22},"end":{"line":33,"column":34}},"60":{"start":{"line":33,"column":35},"end":{"line":33,"column":41}},"61":{"start":{"line":33,"column":54},"end":{"line":33,"column":64}},"62":{"start":{"line":34,"column":8},"end":{"line":34,"column":35}},"63":{"start":{"line":34,"column":23},"end":{"line":34,"column":35}},"64":{"start":{"line":34,"column":36},"end":{"line":34,"column":89}},"65":{"start":{"line":37,"column":0},"end":{"line":37,"column":62}},"66":{"start":{"line":38,"column":0},"end":{"line":38,"column":28}},"67":{"start":{"line":39,"column":12},"end":{"line":39,"column":28}},"68":{"start":{"line":40,"column":11},"end":{"line":40,"column":26}},"69":{"start":{"line":41,"column":0},"end":{"line":60,"column":5}},"70":{"start":{"line":42,"column":4},"end":{"line":59,"column":7}},"71":{"start":{"line":44,"column":8},"end":{"line":58,"column":11}},"72":{"start":{"line":45,"column":12},"end":{"line":57,"column":13}},"73":{"start":{"line":46,"column":24},"end":{"line":46,"column":70}},"74":{"start":{"line":48,"column":20},"end":{"line":48,"column":30}},"75":{"start":{"line":49,"column":20},"end":{"line":49,"column":32}},"76":{"start":{"line":50,"column":20},"end":{"line":50,"column":57}},"77":{"start":{"line":52,"column":20},"end":{"line":52,"column":36}},"78":{"start":{"line":53,"column":20},"end":{"line":55,"column":23}},"79":{"start":{"line":54,"column":24},"end":{"line":54,"column":53}},"80":{"start":{"line":56,"column":20},"end":{"line":56,"column":42}}},"fnMap":{"0":{"name":"(anonymous_0)","decl":{"start":{"line":2,"column":44},"end":{"line":2,"column":45}},"loc":{"start":{"line":2,"column":89},"end":{"line":9,"column":1}},"line":2},"1":{"name":"(anonymous_1)","decl":{"start":{"line":3,"column":36},"end":{"line":3,"column":37}},"loc":{"start":{"line":3,"column":63},"end":{"line":8,"column":5}},"line":3},"2":{"name":"fulfilled","decl":{"start":{"line":4,"column":17},"end":{"line":4,"column":26}},"loc":{"start":{"line":4,"column":34},"end":{"line":4,"column":99}},"line":4},"3":{"name":"rejected","decl":{"start":{"line":5,"column":17},"end":{"line":5,"column":25}},"loc":{"start":{"line":5,"column":33},"end":{"line":5,"column":102}},"line":5},"4":{"name":"step","decl":{"start":{"line":6,"column":17},"end":{"line":6,"column":21}},"loc":{"start":{"line":6,"column":30},"end":{"line":6,"column":151}},"line":6},"5":{"name":"(anonymous_5)","decl":{"start":{"line":6,"column":76},"end":{"line":6,"column":77}},"loc":{"start":{"line":6,"column":95},"end":{"line":6,"column":121}},"line":6},"6":{"name":"(anonymous_6)","decl":{"start":{"line":10,"column":48},"end":{"line":10,"column":49}},"loc":{"start":{"line":10,"column":73},"end":{"line":36,"column":1}},"line":10},"7":{"name":"(anonymous_7)","decl":{"start":{"line":11,"column":30},"end":{"line":11,"column":31}},"loc":{"start":{"line":11,"column":41},"end":{"line":11,"column":83}},"line":11},"8":{"name":"(anonymous_8)","decl":{"start":{"line":12,"column":125},"end":{"line":12,"column":126}},"loc":{"start":{"line":12,"column":136},"end":{"line":12,"column":152}},"line":12},"9":{"name":"verb","decl":{"start":{"line":13,"column":13},"end":{"line":13,"column":17}},"loc":{"start":{"line":13,"column":21},"end":{"line":13,"column":70}},"line":13},"10":{"name":"(anonymous_10)","decl":{"start":{"line":13,"column":30},"end":{"line":13,"column":31}},"loc":{"start":{"line":13,"column":43},"end":{"line":13,"column":67}},"line":13},"11":{"name":"step","decl":{"start":{"line":14,"column":13},"end":{"line":14,"column":17}},"loc":{"start":{"line":14,"column":22},"end":{"line":35,"column":5}},"line":14},"12":{"name":"(anonymous_12)","decl":{"start":{"line":41,"column":1},"end":{"line":41,"column":2}},"loc":{"start":{"line":41,"column":13},"end":{"line":60,"column":1}},"line":41},"13":{"name":"(anonymous_13)","decl":{"start":{"line":42,"column":43},"end":{"line":42,"column":44}},"loc":{"start":{"line":42,"column":55},"end":{"line":59,"column":5}},"line":42},"14":{"name":"(anonymous_14)","decl":{"start":{"line":44,"column":33},"end":{"line":44,"column":34}},"loc":{"start":{"line":44,"column":47},"end":{"line":58,"column":9}},"line":44},"15":{"name":"(anonymous_15)","decl":{"start":{"line":53,"column":37},"end":{"line":53,"column":38}},"loc":{"start":{"line":53,"column":49},"end":{"line":55,"column":21}},"line":53}},"branchMap":{"0":{"loc":{"start":{"line":2,"column":16},"end":{"line":9,"column":1}},"type":"binary-expr","locations":[{"start":{"line":2,"column":17},"end":{"line":2,"column":21}},{"start":{"line":2,"column":25},"end":{"line":2,"column":39}},{"start":{"line":2,"column":44},"end":{"line":9,"column":1}}],"line":2},"1":{"loc":{"start":{"line":3,"column":16},"end":{"line":3,"column":34}},"type":"binary-expr","locations":[{"start":{"line":3,"column":16},"end":{"line":3,"column":17}},{"start":{"line":3,"column":22},"end":{"line":3,"column":33}}],"line":3},"2":{"loc":{"start":{"line":6,"column":32},"end":{"line":6,"column":148}},"type":"cond-expr","locations":[{"start":{"line":6,"column":46},"end":{"line":6,"column":67}},{"start":{"line":6,"column":70},"end":{"line":6,"column":148}}],"line":6},"3":{"loc":{"start":{"line":7,"column":51},"end":{"line":7,"column":67}},"type":"binary-expr","locations":[{"start":{"line":7,"column":51},"end":{"line":7,"column":61}},{"start":{"line":7,"column":65},"end":{"line":7,"column":67}}],"line":7},"4":{"loc":{"start":{"line":10,"column":18},"end":{"line":36,"column":1}},"type":"binary-expr","locations":[{"start":{"line":10,"column":19},"end":{"line":10,"column":23}},{"start":{"line":10,"column":27},"end":{"line":10,"column":43}},{"start":{"line":10,"column":48},"end":{"line":36,"column":1}}],"line":10},"5":{"loc":{"start":{"line":11,"column":43},"end":{"line":11,"column":68}},"type":"if","locations":[{"start":{"line":11,"column":43},"end":{"line":11,"column":68}},{"start":{"line":11,"column":43},"end":{"line":11,"column":68}}],"line":11},"6":{"loc":{"start":{"line":12,"column":71},"end":{"line":12,"column":153}},"type":"binary-expr","locations":[{"start":{"line":12,"column":71},"end":{"line":12,"column":99}},{"start":{"line":12,"column":104},"end":{"line":12,"column":152}}],"line":12},"7":{"loc":{"start":{"line":15,"column":8},"end":{"line":15,"column":70}},"type":"if","locations":[{"start":{"line":15,"column":8},"end":{"line":15,"column":70}},{"start":{"line":15,"column":8},"end":{"line":15,"column":70}}],"line":15},"8":{"loc":{"start":{"line":17,"column":12},"end":{"line":17,"column":127}},"type":"if","locations":[{"start":{"line":17,"column":12},"end":{"line":17,"column":127}},{"start":{"line":17,"column":12},"end":{"line":17,"column":127}}],"line":17},"9":{"loc":{"start":{"line":17,"column":23},"end":{"line":17,"column":116}},"type":"binary-expr","locations":[{"start":{"line":17,"column":23},"end":{"line":17,"column":24}},{"start":{"line":17,"column":29},"end":{"line":17,"column":83}},{"start":{"line":17,"column":88},"end":{"line":17,"column":116}}],"line":17},"10":{"loc":{"start":{"line":17,"column":35},"end":{"line":17,"column":82}},"type":"cond-expr","locations":[{"start":{"line":17,"column":47},"end":{"line":17,"column":55}},{"start":{"line":17,"column":58},"end":{"line":17,"column":82}}],"line":17},"11":{"loc":{"start":{"line":17,"column":58},"end":{"line":17,"column":82}},"type":"cond-expr","locations":[{"start":{"line":17,"column":66},"end":{"line":17,"column":73}},{"start":{"line":17,"column":76},"end":{"line":17,"column":82}}],"line":17},"12":{"loc":{"start":{"line":18,"column":12},"end":{"line":18,"column":44}},"type":"if","locations":[{"start":{"line":18,"column":12},"end":{"line":18,"column":44}},{"start":{"line":18,"column":12},"end":{"line":18,"column":44}}],"line":18},"13":{"loc":{"start":{"line":19,"column":12},"end":{"line":31,"column":13}},"type":"switch","locations":[{"start":{"line":20,"column":16},"end":{"line":20,"column":23}},{"start":{"line":20,"column":24},"end":{"line":20,"column":46}},{"start":{"line":21,"column":16},"end":{"line":21,"column":72}},{"start":{"line":22,"column":16},"end":{"line":22,"column":65}},{"start":{"line":23,"column":16},"end":{"line":23,"column":65}},{"start":{"line":24,"column":16},"end":{"line":30,"column":43}}],"line":19},"14":{"loc":{"start":{"line":25,"column":20},"end":{"line":25,"column":128}},"type":"if","locations":[{"start":{"line":25,"column":20},"end":{"line":25,"column":128}},{"start":{"line":25,"column":20},"end":{"line":25,"column":128}}],"line":25},"15":{"loc":{"start":{"line":25,"column":24},"end":{"line":25,"column":106}},"type":"binary-expr","locations":[{"start":{"line":25,"column":24},"end":{"line":25,"column":74}},{"start":{"line":25,"column":79},"end":{"line":25,"column":90}},{"start":{"line":25,"column":94},"end":{"line":25,"column":105}}],"line":25},"16":{"loc":{"start":{"line":25,"column":42},"end":{"line":25,"column":73}},"type":"binary-expr","locations":[{"start":{"line":25,"column":42},"end":{"line":25,"column":54}},{"start":{"line":25,"column":58},"end":{"line":25,"column":73}}],"line":25},"17":{"loc":{"start":{"line":26,"column":20},"end":{"line":26,"column":106}},"type":"if","locations":[{"start":{"line":26,"column":20},"end":{"line":26,"column":106}},{"start":{"line":26,"column":20},"end":{"line":26,"column":106}}],"line":26},"18":{"loc":{"start":{"line":26,"column":24},"end":{"line":26,"column":77}},"type":"binary-expr","locations":[{"start":{"line":26,"column":24},"end":{"line":26,"column":35}},{"start":{"line":26,"column":40},"end":{"line":26,"column":42}},{"start":{"line":26,"column":47},"end":{"line":26,"column":59}},{"start":{"line":26,"column":63},"end":{"line":26,"column":75}}],"line":26},"19":{"loc":{"start":{"line":27,"column":20},"end":{"line":27,"column":89}},"type":"if","locations":[{"start":{"line":27,"column":20},"end":{"line":27,"column":89}},{"start":{"line":27,"column":20},"end":{"line":27,"column":89}}],"line":27},"20":{"loc":{"start":{"line":27,"column":24},"end":{"line":27,"column":53}},"type":"binary-expr","locations":[{"start":{"line":27,"column":24},"end":{"line":27,"column":35}},{"start":{"line":27,"column":39},"end":{"line":27,"column":53}}],"line":27},"21":{"loc":{"start":{"line":28,"column":20},"end":{"line":28,"column":87}},"type":"if","locations":[{"start":{"line":28,"column":20},"end":{"line":28,"column":87}},{"start":{"line":28,"column":20},"end":{"line":28,"column":87}}],"line":28},"22":{"loc":{"start":{"line":28,"column":24},"end":{"line":28,"column":43}},"type":"binary-expr","locations":[{"start":{"line":28,"column":24},"end":{"line":28,"column":25}},{"start":{"line":28,"column":29},"end":{"line":28,"column":43}}],"line":28},"23":{"loc":{"start":{"line":29,"column":20},"end":{"line":29,"column":42}},"type":"if","locations":[{"start":{"line":29,"column":20},"end":{"line":29,"column":42}},{"start":{"line":29,"column":20},"end":{"line":29,"column":42}}],"line":29},"24":{"loc":{"start":{"line":34,"column":8},"end":{"line":34,"column":35}},"type":"if","locations":[{"start":{"line":34,"column":8},"end":{"line":34,"column":35}},{"start":{"line":34,"column":8},"end":{"line":34,"column":35}}],"line":34},"25":{"loc":{"start":{"line":34,"column":52},"end":{"line":34,"column":74}},"type":"cond-expr","locations":[{"start":{"line":34,"column":60},"end":{"line":34,"column":65}},{"start":{"line":34,"column":68},"end":{"line":34,"column":74}}],"line":34},"26":{"loc":{"start":{"line":45,"column":12},"end":{"line":57,"column":13}},"type":"switch","locations":[{"start":{"line":46,"column":16},"end":{"line":46,"column":70}},{"start":{"line":47,"column":16},"end":{"line":50,"column":57}},{"start":{"line":51,"column":16},"end":{"line":56,"column":42}}],"line":45}},"s":{"0":0,"1":0,"2":0,"3":0,"4":0,"5":0,"6":0,"7":0,"8":0,"9":0,"10":0,"11":0,"12":0,"13":0,"14":0,"15":0,"16":0,"17":0,"18":0,"19":0,"20":0,"21":0,"22":0,"23":0,"24":0,"25":0,"26":0,"27":0,"28":0,"29":0,"30":0,"31":0,"32":0,"33":0,"34":0,"35":0,"36":0,"37":0,"38":0,"39":0,"40":0,"41":0,"42":0,"43":0,"44":0,"45":0,"46":0,"47":0,"48":0,"49":0,"50":0,"51":0,"52":0,"53":0,"54":0,"55":0,"56":0,"57":0,"58":0,"59":0,"60":0,"61":0,"62":0,"63":0,"64":0,"65":0,"66":0,"67":0,"68":0,"69":0,"70":0,"71":0,"72":0,"73":0,"74":0,"75":0,"76":0,"77":0,"78":0,"79":0,"80":0},"f":{"0":0,"1":0,"2":0,"3":0,"4":0,"5":0,"6":0,"7":0,"8":0,"9":0,"10":0,"11":0,"12":0,"13":0,"14":0,"15":0},"b":{"0":[0,0,0],"1":[0,0],"2":[0,0],"3":[0,0],"4":[0,0,0],"5":[0,0],"6":[0,0],"7":[0,0],"8":[0,0],"9":[0,0,0],"10":[0,0],"11":[0,0],"12":[0,0],"13":[0,0,0,0,0,0],"14":[0,0],"15":[0,0,0],"16":[0,0],"17":[0,0],"18":[0,0,0,0],"19":[0,0],"20":[0,0],"21":[0,0],"22":[0,0],"23":[0,0],"24":[0,0],"25":[0,0],"26":[0,0,0]}},"/Volumes/A2/Download/bueno2/src/backend/controllers/auth_controller.ts":{"path":"/Volumes/A2/Download/bueno2/src/backend/controllers/auth_controller.ts","statementMap":{"0":{"start":{"line":2,"column":16},"end":{"line":9,"column":1}},"1":{"start":{"line":3,"column":4},"end":{"line":8,"column":7}},"2":{"start":{"line":4,"column":36},"end":{"line":4,"column":97}},"3":{"start":{"line":4,"column":42},"end":{"line":4,"column":70}},"4":{"start":{"line":4,"column":85},"end":{"line":4,"column":95}},"5":{"start":{"line":5,"column":35},"end":{"line":5,"column":100}},"6":{"start":{"line":5,"column":41},"end":{"line":5,"column":73}},"7":{"start":{"line":5,"column":88},"end":{"line":5,"column":98}},"8":{"start":{"line":6,"column":32},"end":{"line":6,"column":149}},"9":{"start":{"line":6,"column":97},"end":{"line":6,"column":119}},"10":{"start":{"line":7,"column":8},"end":{"line":7,"column":78}},"11":{"start":{"line":10,"column":18},"end":{"line":36,"column":1}},"12":{"start":{"line":11,"column":12},"end":{"line":11,"column":104}},"13":{"start":{"line":11,"column":43},"end":{"line":11,"column":68}},"14":{"start":{"line":11,"column":57},"end":{"line":11,"column":68}},"15":{"start":{"line":11,"column":69},"end":{"line":11,"column":81}},"16":{"start":{"line":12,"column":4},"end":{"line":12,"column":157}},"17":{"start":{"line":12,"column":138},"end":{"line":12,"column":150}},"18":{"start":{"line":13,"column":23},"end":{"line":13,"column":68}},"19":{"start":{"line":13,"column":45},"end":{"line":13,"column":65}},"20":{"start":{"line":15,"column":8},"end":{"line":15,"column":70}},"21":{"start":{"line":15,"column":15},"end":{"line":15,"column":70}},"22":{"start":{"line":16,"column":8},"end":{"line":33,"column":66}},"23":{"start":{"line":16,"column":18},"end":{"line":33,"column":66}},"24":{"start":{"line":17,"column":12},"end":{"line":17,"column":127}},"25":{"start":{"line":17,"column":118},"end":{"line":17,"column":127}},"26":{"start":{"line":18,"column":12},"end":{"line":18,"column":44}},"27":{"start":{"line":18,"column":26},"end":{"line":18,"column":44}},"28":{"start":{"line":19,"column":12},"end":{"line":31,"column":13}},"29":{"start":{"line":20,"column":32},"end":{"line":20,"column":39}},"30":{"start":{"line":20,"column":40},"end":{"line":20,"column":46}},"31":{"start":{"line":21,"column":24},"end":{"line":21,"column":34}},"32":{"start":{"line":21,"column":35},"end":{"line":21,"column":72}},"33":{"start":{"line":22,"column":24},"end":{"line":22,"column":34}},"34":{"start":{"line":22,"column":35},"end":{"line":22,"column":45}},"35":{"start":{"line":22,"column":46},"end":{"line":22,"column":55}},"36":{"start":{"line":22,"column":56},"end":{"line":22,"column":65}},"37":{"start":{"line":23,"column":24},"end":{"line":23,"column":41}},"38":{"start":{"line":23,"column":42},"end":{"line":23,"column":55}},"39":{"start":{"line":23,"column":56},"end":{"line":23,"column":65}},"40":{"start":{"line":25,"column":20},"end":{"line":25,"column":128}},"41":{"start":{"line":25,"column":110},"end":{"line":25,"column":116}},"42":{"start":{"line":25,"column":117},"end":{"line":25,"column":126}},"43":{"start":{"line":26,"column":20},"end":{"line":26,"column":106}},"44":{"start":{"line":26,"column":81},"end":{"line":26,"column":97}},"45":{"start":{"line":26,"column":98},"end":{"line":26,"column":104}},"46":{"start":{"line":27,"column":20},"end":{"line":27,"column":89}},"47":{"start":{"line":27,"column":57},"end":{"line":27,"column":72}},"48":{"start":{"line":27,"column":73},"end":{"line":27,"column":80}},"49":{"start":{"line":27,"column":81},"end":{"line":27,"column":87}},"50":{"start":{"line":28,"column":20},"end":{"line":28,"column":87}},"51":{"start":{"line":28,"column":47},"end":{"line":28,"column":62}},"52":{"start":{"line":28,"column":63},"end":{"line":28,"column":78}},"53":{"start":{"line":28,"column":79},"end":{"line":28,"column":85}},"54":{"start":{"line":29,"column":20},"end":{"line":29,"column":42}},"55":{"start":{"line":29,"column":30},"end":{"line":29,"column":42}},"56":{"start":{"line":30,"column":20},"end":{"line":30,"column":33}},"57":{"start":{"line":30,"column":34},"end":{"line":30,"column":43}},"58":{"start":{"line":32,"column":12},"end":{"line":32,"column":39}},"59":{"start":{"line":33,"column":22},"end":{"line":33,"column":34}},"60":{"start":{"line":33,"column":35},"end":{"line":33,"column":41}},"61":{"start":{"line":33,"column":54},"end":{"line":33,"column":64}},"62":{"start":{"line":34,"column":8},"end":{"line":34,"column":35}},"63":{"start":{"line":34,"column":23},"end":{"line":34,"column":35}},"64":{"start":{"line":34,"column":36},"end":{"line":34,"column":89}},"65":{"start":{"line":37,"column":19},"end":{"line":43,"column":1}},"66":{"start":{"line":38,"column":4},"end":{"line":38,"column":42}},"67":{"start":{"line":38,"column":31},"end":{"line":38,"column":42}},"68":{"start":{"line":39,"column":17},"end":{"line":39,"column":19}},"69":{"start":{"line":40,"column":4},"end":{"line":40,"column":99}},"70":{"start":{"line":40,"column":21},"end":{"line":40,"column":99}},"71":{"start":{"line":40,"column":40},"end":{"line":40,"column":99}},"72":{"start":{"line":40,"column":80},"end":{"line":40,"column":99}},"73":{"start":{"line":41,"column":4},"end":{"line":41,"column":28}},"74":{"start":{"line":42,"column":4},"end":{"line":42,"column":18}},"75":{"start":{"line":44,"column":0},"end":{"line":44,"column":62}},"76":{"start":{"line":45,"column":16},"end":{"line":45,"column":34}},"77":{"start":{"line":46,"column":24},"end":{"line":46,"column":67}},"78":{"start":{"line":47,"column":10},"end":{"line":47,"column":47}},"79":{"start":{"line":49,"column":16},"end":{"line":49,"column":20}},"80":{"start":{"line":50,"column":26},"end":{"line":97,"column":5}},"81":{"start":{"line":51,"column":8},"end":{"line":51,"column":69}},"82":{"start":{"line":52,"column":8},"end":{"line":96,"column":17}},"83":{"start":{"line":52,"column":23},"end":{"line":96,"column":11}},"84":{"start":{"line":54,"column":12},"end":{"line":95,"column":15}},"85":{"start":{"line":55,"column":16},"end":{"line":94,"column":17}},"86":{"start":{"line":57,"column":24},"end":{"line":57,"column":40}},"87":{"start":{"line":58,"column":24},"end":{"line":58,"column":43}},"88":{"start":{"line":59,"column":24},"end":{"line":59,"column":49}},"89":{"start":{"line":60,"column":24},"end":{"line":60,"column":76}},"90":{"start":{"line":60,"column":52},"end":{"line":60,"column":76}},"91":{"start":{"line":61,"column":24},"end":{"line":61,"column":57}},"92":{"start":{"line":62,"column":24},"end":{"line":62,"column":61}},"93":{"start":{"line":63,"column":24},"end":{"line":63,"column":48}},"94":{"start":{"line":65,"column":24},"end":{"line":65,"column":54}},"95":{"start":{"line":66,"column":24},"end":{"line":71,"column":32}},"96":{"start":{"line":73,"column":24},"end":{"line":73,"column":41}},"97":{"start":{"line":74,"column":24},"end":{"line":91,"column":25}},"98":{"start":{"line":75,"column":28},"end":{"line":75,"column":61}},"99":{"start":{"line":76,"column":28},"end":{"line":76,"column":65}},"100":{"start":{"line":79,"column":28},"end":{"line":79,"column":54}},"101":{"start":{"line":80,"column":28},"end":{"line":80,"column":68}},"102":{"start":{"line":81,"column":28},"end":{"line":81,"column":61}},"103":{"start":{"line":82,"column":28},"end":{"line":90,"column":29}},"104":{"start":{"line":83,"column":32},"end":{"line":83,"column":66}},"105":{"start":{"line":84,"column":32},"end":{"line":84,"column":75}},"106":{"start":{"line":85,"column":32},"end":{"line":85,"column":59}},"107":{"start":{"line":88,"column":32},"end":{"line":88,"column":76}},"108":{"start":{"line":89,"column":32},"end":{"line":89,"column":79}},"109":{"start":{"line":92,"column":24},"end":{"line":92,"column":37}},"110":{"start":{"line":93,"column":28},"end":{"line":93,"column":50}},"111":{"start":{"line":98,"column":4},"end":{"line":100,"column":6}},"112":{"start":{"line":102,"column":0},"end":{"line":102,"column":34}},"113":{"start":{"line":104,"column":19},"end":{"line":104,"column":65}},"114":{"start":{"line":105,"column":21},"end":{"line":105,"column":39}},"115":{"start":{"line":106,"column":4},"end":{"line":106,"column":51}},"116":{"start":{"line":107,"column":4},"end":{"line":107,"column":22}},"117":{"start":{"line":109,"column":0},"end":{"line":109,"column":38}}},"fnMap":{"0":{"name":"(anonymous_0)","decl":{"start":{"line":2,"column":44},"end":{"line":2,"column":45}},"loc":{"start":{"line":2,"column":89},"end":{"line":9,"column":1}},"line":2},"1":{"name":"(anonymous_1)","decl":{"start":{"line":3,"column":36},"end":{"line":3,"column":37}},"loc":{"start":{"line":3,"column":63},"end":{"line":8,"column":5}},"line":3},"2":{"name":"fulfilled","decl":{"start":{"line":4,"column":17},"end":{"line":4,"column":26}},"loc":{"start":{"line":4,"column":34},"end":{"line":4,"column":99}},"line":4},"3":{"name":"rejected","decl":{"start":{"line":5,"column":17},"end":{"line":5,"column":25}},"loc":{"start":{"line":5,"column":33},"end":{"line":5,"column":102}},"line":5},"4":{"name":"step","decl":{"start":{"line":6,"column":17},"end":{"line":6,"column":21}},"loc":{"start":{"line":6,"column":30},"end":{"line":6,"column":151}},"line":6},"5":{"name":"(anonymous_5)","decl":{"start":{"line":6,"column":76},"end":{"line":6,"column":77}},"loc":{"start":{"line":6,"column":95},"end":{"line":6,"column":121}},"line":6},"6":{"name":"(anonymous_6)","decl":{"start":{"line":10,"column":48},"end":{"line":10,"column":49}},"loc":{"start":{"line":10,"column":73},"end":{"line":36,"column":1}},"line":10},"7":{"name":"(anonymous_7)","decl":{"start":{"line":11,"column":30},"end":{"line":11,"column":31}},"loc":{"start":{"line":11,"column":41},"end":{"line":11,"column":83}},"line":11},"8":{"name":"(anonymous_8)","decl":{"start":{"line":12,"column":125},"end":{"line":12,"column":126}},"loc":{"start":{"line":12,"column":136},"end":{"line":12,"column":152}},"line":12},"9":{"name":"verb","decl":{"start":{"line":13,"column":13},"end":{"line":13,"column":17}},"loc":{"start":{"line":13,"column":21},"end":{"line":13,"column":70}},"line":13},"10":{"name":"(anonymous_10)","decl":{"start":{"line":13,"column":30},"end":{"line":13,"column":31}},"loc":{"start":{"line":13,"column":43},"end":{"line":13,"column":67}},"line":13},"11":{"name":"step","decl":{"start":{"line":14,"column":13},"end":{"line":14,"column":17}},"loc":{"start":{"line":14,"column":22},"end":{"line":35,"column":5}},"line":14},"12":{"name":"(anonymous_12)","decl":{"start":{"line":37,"column":50},"end":{"line":37,"column":51}},"loc":{"start":{"line":37,"column":65},"end":{"line":43,"column":1}},"line":37},"13":{"name":"getHandlers","decl":{"start":{"line":48,"column":9},"end":{"line":48,"column":20}},"loc":{"start":{"line":48,"column":38},"end":{"line":101,"column":1}},"line":48},"14":{"name":"(anonymous_14)","decl":{"start":{"line":50,"column":26},"end":{"line":50,"column":27}},"loc":{"start":{"line":50,"column":46},"end":{"line":97,"column":5}},"line":50},"15":{"name":"(anonymous_15)","decl":{"start":{"line":52,"column":9},"end":{"line":52,"column":10}},"loc":{"start":{"line":52,"column":21},"end":{"line":96,"column":13}},"line":52},"16":{"name":"(anonymous_16)","decl":{"start":{"line":52,"column":63},"end":{"line":52,"column":64}},"loc":{"start":{"line":52,"column":75},"end":{"line":96,"column":9}},"line":52},"17":{"name":"(anonymous_17)","decl":{"start":{"line":54,"column":37},"end":{"line":54,"column":38}},"loc":{"start":{"line":54,"column":51},"end":{"line":95,"column":13}},"line":54},"18":{"name":"getAuthRouter","decl":{"start":{"line":103,"column":9},"end":{"line":103,"column":22}},"loc":{"start":{"line":103,"column":25},"end":{"line":108,"column":1}},"line":103}},"branchMap":{"0":{"loc":{"start":{"line":2,"column":16},"end":{"line":9,"column":1}},"type":"binary-expr","locations":[{"start":{"line":2,"column":17},"end":{"line":2,"column":21}},{"start":{"line":2,"column":25},"end":{"line":2,"column":39}},{"start":{"line":2,"column":44},"end":{"line":9,"column":1}}],"line":2},"1":{"loc":{"start":{"line":3,"column":16},"end":{"line":3,"column":34}},"type":"binary-expr","locations":[{"start":{"line":3,"column":16},"end":{"line":3,"column":17}},{"start":{"line":3,"column":22},"end":{"line":3,"column":33}}],"line":3},"2":{"loc":{"start":{"line":6,"column":32},"end":{"line":6,"column":148}},"type":"cond-expr","locations":[{"start":{"line":6,"column":46},"end":{"line":6,"column":67}},{"start":{"line":6,"column":70},"end":{"line":6,"column":148}}],"line":6},"3":{"loc":{"start":{"line":7,"column":51},"end":{"line":7,"column":67}},"type":"binary-expr","locations":[{"start":{"line":7,"column":51},"end":{"line":7,"column":61}},{"start":{"line":7,"column":65},"end":{"line":7,"column":67}}],"line":7},"4":{"loc":{"start":{"line":10,"column":18},"end":{"line":36,"column":1}},"type":"binary-expr","locations":[{"start":{"line":10,"column":19},"end":{"line":10,"column":23}},{"start":{"line":10,"column":27},"end":{"line":10,"column":43}},{"start":{"line":10,"column":48},"end":{"line":36,"column":1}}],"line":10},"5":{"loc":{"start":{"line":11,"column":43},"end":{"line":11,"column":68}},"type":"if","locations":[{"start":{"line":11,"column":43},"end":{"line":11,"column":68}},{"start":{"line":11,"column":43},"end":{"line":11,"column":68}}],"line":11},"6":{"loc":{"start":{"line":12,"column":71},"end":{"line":12,"column":153}},"type":"binary-expr","locations":[{"start":{"line":12,"column":71},"end":{"line":12,"column":99}},{"start":{"line":12,"column":104},"end":{"line":12,"column":152}}],"line":12},"7":{"loc":{"start":{"line":15,"column":8},"end":{"line":15,"column":70}},"type":"if","locations":[{"start":{"line":15,"column":8},"end":{"line":15,"column":70}},{"start":{"line":15,"column":8},"end":{"line":15,"column":70}}],"line":15},"8":{"loc":{"start":{"line":17,"column":12},"end":{"line":17,"column":127}},"type":"if","locations":[{"start":{"line":17,"column":12},"end":{"line":17,"column":127}},{"start":{"line":17,"column":12},"end":{"line":17,"column":127}}],"line":17},"9":{"loc":{"start":{"line":17,"column":23},"end":{"line":17,"column":116}},"type":"binary-expr","locations":[{"start":{"line":17,"column":23},"end":{"line":17,"column":24}},{"start":{"line":17,"column":29},"end":{"line":17,"column":83}},{"start":{"line":17,"column":88},"end":{"line":17,"column":116}}],"line":17},"10":{"loc":{"start":{"line":17,"column":35},"end":{"line":17,"column":82}},"type":"cond-expr","locations":[{"start":{"line":17,"column":47},"end":{"line":17,"column":55}},{"start":{"line":17,"column":58},"end":{"line":17,"column":82}}],"line":17},"11":{"loc":{"start":{"line":17,"column":58},"end":{"line":17,"column":82}},"type":"cond-expr","locations":[{"start":{"line":17,"column":66},"end":{"line":17,"column":73}},{"start":{"line":17,"column":76},"end":{"line":17,"column":82}}],"line":17},"12":{"loc":{"start":{"line":18,"column":12},"end":{"line":18,"column":44}},"type":"if","locations":[{"start":{"line":18,"column":12},"end":{"line":18,"column":44}},{"start":{"line":18,"column":12},"end":{"line":18,"column":44}}],"line":18},"13":{"loc":{"start":{"line":19,"column":12},"end":{"line":31,"column":13}},"type":"switch","locations":[{"start":{"line":20,"column":16},"end":{"line":20,"column":23}},{"start":{"line":20,"column":24},"end":{"line":20,"column":46}},{"start":{"line":21,"column":16},"end":{"line":21,"column":72}},{"start":{"line":22,"column":16},"end":{"line":22,"column":65}},{"start":{"line":23,"column":16},"end":{"line":23,"column":65}},{"start":{"line":24,"column":16},"end":{"line":30,"column":43}}],"line":19},"14":{"loc":{"start":{"line":25,"column":20},"end":{"line":25,"column":128}},"type":"if","locations":[{"start":{"line":25,"column":20},"end":{"line":25,"column":128}},{"start":{"line":25,"column":20},"end":{"line":25,"column":128}}],"line":25},"15":{"loc":{"start":{"line":25,"column":24},"end":{"line":25,"column":106}},"type":"binary-expr","locations":[{"start":{"line":25,"column":24},"end":{"line":25,"column":74}},{"start":{"line":25,"column":79},"end":{"line":25,"column":90}},{"start":{"line":25,"column":94},"end":{"line":25,"column":105}}],"line":25},"16":{"loc":{"start":{"line":25,"column":42},"end":{"line":25,"column":73}},"type":"binary-expr","locations":[{"start":{"line":25,"column":42},"end":{"line":25,"column":54}},{"start":{"line":25,"column":58},"end":{"line":25,"column":73}}],"line":25},"17":{"loc":{"start":{"line":26,"column":20},"end":{"line":26,"column":106}},"type":"if","locations":[{"start":{"line":26,"column":20},"end":{"line":26,"column":106}},{"start":{"line":26,"column":20},"end":{"line":26,"column":106}}],"line":26},"18":{"loc":{"start":{"line":26,"column":24},"end":{"line":26,"column":77}},"type":"binary-expr","locations":[{"start":{"line":26,"column":24},"end":{"line":26,"column":35}},{"start":{"line":26,"column":40},"end":{"line":26,"column":42}},{"start":{"line":26,"column":47},"end":{"line":26,"column":59}},{"start":{"line":26,"column":63},"end":{"line":26,"column":75}}],"line":26},"19":{"loc":{"start":{"line":27,"column":20},"end":{"line":27,"column":89}},"type":"if","locations":[{"start":{"line":27,"column":20},"end":{"line":27,"column":89}},{"start":{"line":27,"column":20},"end":{"line":27,"column":89}}],"line":27},"20":{"loc":{"start":{"line":27,"column":24},"end":{"line":27,"column":53}},"type":"binary-expr","locations":[{"start":{"line":27,"column":24},"end":{"line":27,"column":35}},{"start":{"line":27,"column":39},"end":{"line":27,"column":53}}],"line":27},"21":{"loc":{"start":{"line":28,"column":20},"end":{"line":28,"column":87}},"type":"if","locations":[{"start":{"line":28,"column":20},"end":{"line":28,"column":87}},{"start":{"line":28,"column":20},"end":{"line":28,"column":87}}],"line":28},"22":{"loc":{"start":{"line":28,"column":24},"end":{"line":28,"column":43}},"type":"binary-expr","locations":[{"start":{"line":28,"column":24},"end":{"line":28,"column":25}},{"start":{"line":28,"column":29},"end":{"line":28,"column":43}}],"line":28},"23":{"loc":{"start":{"line":29,"column":20},"end":{"line":29,"column":42}},"type":"if","locations":[{"start":{"line":29,"column":20},"end":{"line":29,"column":42}},{"start":{"line":29,"column":20},"end":{"line":29,"column":42}}],"line":29},"24":{"loc":{"start":{"line":34,"column":8},"end":{"line":34,"column":35}},"type":"if","locations":[{"start":{"line":34,"column":8},"end":{"line":34,"column":35}},{"start":{"line":34,"column":8},"end":{"line":34,"column":35}}],"line":34},"25":{"loc":{"start":{"line":34,"column":52},"end":{"line":34,"column":74}},"type":"cond-expr","locations":[{"start":{"line":34,"column":60},"end":{"line":34,"column":65}},{"start":{"line":34,"column":68},"end":{"line":34,"column":74}}],"line":34},"26":{"loc":{"start":{"line":37,"column":19},"end":{"line":43,"column":1}},"type":"binary-expr","locations":[{"start":{"line":37,"column":20},"end":{"line":37,"column":24}},{"start":{"line":37,"column":28},"end":{"line":37,"column":45}},{"start":{"line":37,"column":50},"end":{"line":43,"column":1}}],"line":37},"27":{"loc":{"start":{"line":38,"column":4},"end":{"line":38,"column":42}},"type":"if","locations":[{"start":{"line":38,"column":4},"end":{"line":38,"column":42}},{"start":{"line":38,"column":4},"end":{"line":38,"column":42}}],"line":38},"28":{"loc":{"start":{"line":38,"column":8},"end":{"line":38,"column":29}},"type":"binary-expr","locations":[{"start":{"line":38,"column":8},"end":{"line":38,"column":11}},{"start":{"line":38,"column":15},"end":{"line":38,"column":29}}],"line":38},"29":{"loc":{"start":{"line":40,"column":4},"end":{"line":40,"column":99}},"type":"if","locations":[{"start":{"line":40,"column":4},"end":{"line":40,"column":99}},{"start":{"line":40,"column":4},"end":{"line":40,"column":99}}],"line":40},"30":{"loc":{"start":{"line":40,"column":40},"end":{"line":40,"column":99}},"type":"if","locations":[{"start":{"line":40,"column":40},"end":{"line":40,"column":99}},{"start":{"line":40,"column":40},"end":{"line":40,"column":99}}],"line":40},"31":{"loc":{"start":{"line":55,"column":16},"end":{"line":94,"column":17}},"type":"switch","locations":[{"start":{"line":56,"column":20},"end":{"line":63,"column":48}},{"start":{"line":64,"column":20},"end":{"line":71,"column":32}},{"start":{"line":72,"column":20},"end":{"line":92,"column":37}},{"start":{"line":93,"column":20},"end":{"line":93,"column":50}}],"line":55},"32":{"loc":{"start":{"line":60,"column":24},"end":{"line":60,"column":76}},"type":"if","locations":[{"start":{"line":60,"column":24},"end":{"line":60,"column":76}},{"start":{"line":60,"column":24},"end":{"line":60,"column":76}}],"line":60},"33":{"loc":{"start":{"line":60,"column":30},"end":{"line":60,"column":49}},"type":"binary-expr","locations":[{"start":{"line":60,"column":30},"end":{"line":60,"column":36}},{"start":{"line":60,"column":40},"end":{"line":60,"column":49}}],"line":60},"34":{"loc":{"start":{"line":74,"column":24},"end":{"line":91,"column":25}},"type":"if","locations":[{"start":{"line":74,"column":24},"end":{"line":91,"column":25}},{"start":{"line":74,"column":24},"end":{"line":91,"column":25}}],"line":74},"35":{"loc":{"start":{"line":82,"column":28},"end":{"line":90,"column":29}},"type":"if","locations":[{"start":{"line":82,"column":28},"end":{"line":90,"column":29}},{"start":{"line":82,"column":28},"end":{"line":90,"column":29}}],"line":82}},"s":{"0":0,"1":0,"2":0,"3":0,"4":0,"5":0,"6":0,"7":0,"8":0,"9":0,"10":0,"11":0,"12":0,"13":0,"14":0,"15":0,"16":0,"17":0,"18":0,"19":0,"20":0,"21":0,"22":0,"23":0,"24":0,"25":0,"26":0,"27":0,"28":0,"29":0,"30":0,"31":0,"32":0,"33":0,"34":0,"35":0,"36":0,"37":0,"38":0,"39":0,"40":0,"41":0,"42":0,"43":0,"44":0,"45":0,"46":0,"47":0,"48":0,"49":0,"50":0,"51":0,"52":0,"53":0,"54":0,"55":0,"56":0,"57":0,"58":0,"59":0,"60":0,"61":0,"62":0,"63":0,"64":0,"65":0,"66":0,"67":0,"68":0,"69":0,"70":0,"71":0,"72":0,"73":0,"74":0,"75":0,"76":0,"77":0,"78":0,"79":0,"80":0,"81":0,"82":0,"83":0,"84":0,"85":0,"86":0,"87":0,"88":0,"89":0,"90":0,"91":0,"92":0,"93":0,"94":0,"95":0,"96":0,"97":0,"98":0,"99":0,"100":0,"101":0,"102":0,"103":0,"104":0,"105":0,"106":0,"107":0,"108":0,"109":0,"110":0,"111":0,"112":0,"113":0,"114":0,"115":0,"116":0,"117":0},"f":{"0":0,"1":0,"2":0,"3":0,"4":0,"5":0,"6":0,"7":0,"8":0,"9":0,"10":0,"11":0,"12":0,"13":0,"14":0,"15":0,"16":0,"17":0,"18":0},"b":{"0":[0,0,0],"1":[0,0],"2":[0,0],"3":[0,0],"4":[0,0,0],"5":[0,0],"6":[0,0],"7":[0,0],"8":[0,0],"9":[0,0,0],"10":[0,0],"11":[0,0],"12":[0,0],"13":[0,0,0,0,0,0],"14":[0,0],"15":[0,0,0],"16":[0,0],"17":[0,0],"18":[0,0,0,0],"19":[0,0],"20":[0,0],"21":[0,0],"22":[0,0],"23":[0,0],"24":[0,0],"25":[0,0],"26":[0,0,0],"27":[0,0],"28":[0,0],"29":[0,0],"30":[0,0],"31":[0,0,0,0],"32":[0,0],"33":[0,0],"34":[0,0],"35":[0,0]}},"/Volumes/A2/Download/bueno2/src/backend/controllers/link_controller.ts":{"path":"/Volumes/A2/Download/bueno2/src/backend/controllers/link_controller.ts","statementMap":{"0":{"start":{"line":2,"column":16},"end":{"line":9,"column":1}},"1":{"start":{"line":3,"column":4},"end":{"line":8,"column":7}},"2":{"start":{"line":4,"column":36},"end":{"line":4,"column":97}},"3":{"start":{"line":4,"column":42},"end":{"line":4,"column":70}},"4":{"start":{"line":4,"column":85},"end":{"line":4,"column":95}},"5":{"start":{"line":5,"column":35},"end":{"line":5,"column":100}},"6":{"start":{"line":5,"column":41},"end":{"line":5,"column":73}},"7":{"start":{"line":5,"column":88},"end":{"line":5,"column":98}},"8":{"start":{"line":6,"column":32},"end":{"line":6,"column":149}},"9":{"start":{"line":6,"column":97},"end":{"line":6,"column":119}},"10":{"start":{"line":7,"column":8},"end":{"line":7,"column":78}},"11":{"start":{"line":10,"column":18},"end":{"line":36,"column":1}},"12":{"start":{"line":11,"column":12},"end":{"line":11,"column":104}},"13":{"start":{"line":11,"column":43},"end":{"line":11,"column":68}},"14":{"start":{"line":11,"column":57},"end":{"line":11,"column":68}},"15":{"start":{"line":11,"column":69},"end":{"line":11,"column":81}},"16":{"start":{"line":12,"column":4},"end":{"line":12,"column":157}},"17":{"start":{"line":12,"column":138},"end":{"line":12,"column":150}},"18":{"start":{"line":13,"column":23},"end":{"line":13,"column":68}},"19":{"start":{"line":13,"column":45},"end":{"line":13,"column":65}},"20":{"start":{"line":15,"column":8},"end":{"line":15,"column":70}},"21":{"start":{"line":15,"column":15},"end":{"line":15,"column":70}},"22":{"start":{"line":16,"column":8},"end":{"line":33,"column":66}},"23":{"start":{"line":16,"column":18},"end":{"line":33,"column":66}},"24":{"start":{"line":17,"column":12},"end":{"line":17,"column":127}},"25":{"start":{"line":17,"column":118},"end":{"line":17,"column":127}},"26":{"start":{"line":18,"column":12},"end":{"line":18,"column":44}},"27":{"start":{"line":18,"column":26},"end":{"line":18,"column":44}},"28":{"start":{"line":19,"column":12},"end":{"line":31,"column":13}},"29":{"start":{"line":20,"column":32},"en
[...]
:44}},"27":{"start":{"line":18,"column":26},"end":{"line":18,"column":44}},"28":{"start":{"line":19,"column":12},"end":{"line":31,"column":13}},"29":{"start":{"line":20,"column":32},"end":{"line":20,"column":39}},"30":{"start":{"line":20,"column":40},"end":{"line":20,"column":46}},"31":{"start":{"line":21,"column":24},"end":{"line":21,"column":34}},"32":{"start":{"line":21,"column":35},"end":{"line":21,"column":72}},"33":{"start":{"line":22,"column":24},"end":{"line":22,"column":34}},"34":{"start":{"line":22,"column":35},"end":{"line":22,"column":45}},"35":{"start":{"line":22,"column":46},"end":{"line":22,"column":55}},"36":{"start":{"line":22,"column":56},"end":{"line":22,"column":65}},"37":{"start":{"line":23,"column":24},"end":{"line":23,"column":41}},"38":{"start":{"line":23,"column":42},"end":{"line":23,"column":55}},"39":{"start":{"line":23,"column":56},"end":{"line":23,"column":65}},"40":{"start":{"line":25,"column":20},"end":{"line":25,"column":128}},"41":{"start":{"line":25,"column":110},"end":{"line":25,"column":116}},"42":{"start":{"line":25,"column":117},"end":{"line":25,"column":126}},"43":{"start":{"line":26,"column":20},"end":{"line":26,"column":106}},"44":{"start":{"line":26,"column":81},"end":{"line":26,"column":97}},"45":{"start":{"line":26,"column":98},"end":{"line":26,"column":104}},"46":{"start":{"line":27,"column":20},"end":{"line":27,"column":89}},"47":{"start":{"line":27,"column":57},"end":{"line":27,"column":72}},"48":{"start":{"line":27,"column":73},"end":{"line":27,"column":80}},"49":{"start":{"line":27,"column":81},"end":{"line":27,"column":87}},"50":{"start":{"line":28,"column":20},"end":{"line":28,"column":87}},"51":{"start":{"line":28,"column":47},"end":{"line":28,"column":62}},"52":{"start":{"line":28,"column":63},"end":{"line":28,"column":78}},"53":{"start":{"line":28,"column":79},"end":{"line":28,"column":85}},"54":{"start":{"line":29,"column":20},"end":{"line":29,"column":42}},"55":{"start":{"line":29,"column":30},"end":{"line":29,"column":42}},"56":{"start":{"line":30,"column":20},"end":{"line":30,"column":33}},"57":{"start":{"line":30,"column":34},"end":{"line":30,"column":43}},"58":{"start":{"line":32,"column":12},"end":{"line":32,"column":39}},"59":{"start":{"line":33,"column":22},"end":{"line":33,"column":34}},"60":{"start":{"line":33,"column":35},"end":{"line":33,"column":41}},"61":{"start":{"line":33,"column":54},"end":{"line":33,"column":64}},"62":{"start":{"line":34,"column":8},"end":{"line":34,"column":35}},"63":{"start":{"line":34,"column":23},"end":{"line":34,"column":35}},"64":{"start":{"line":34,"column":36},"end":{"line":34,"column":89}},"65":{"start":{"line":37,"column":12},"end":{"line":37,"column":16}},"66":{"start":{"line":38,"column":0},"end":{"line":38,"column":62}},"67":{"start":{"line":39,"column":12},"end":{"line":39,"column":33}},"68":{"start":{"line":40,"column":14},"end":{"line":40,"column":99}},"69":{"start":{"line":41,"column":18},"end":{"line":41,"column":75}},"70":{"start":{"line":42,"column":0},"end":{"line":42,"column":29}},"71":{"start":{"line":44,"column":4},"end":{"line":79,"column":7}},"72":{"start":{"line":46,"column":8},"end":{"line":78,"column":11}},"73":{"start":{"line":47,"column":12},"end":{"line":77,"column":13}},"74":{"start":{"line":49,"column":20},"end":{"line":49,"column":95}},"75":{"start":{"line":50,"column":20},"end":{"line":50,"column":86}},"76":{"start":{"line":51,"column":20},"end":{"line":51,"column":51}},"77":{"start":{"line":52,"column":20},"end":{"line":52,"column":33}},"78":{"start":{"line":54,"column":20},"end":{"line":54,"column":46}},"79":{"start":{"line":55,"column":20},"end":{"line":67,"column":28}},"80":{"start":{"line":69,"column":20},"end":{"line":69,"column":41}},"81":{"start":{"line":70,"column":20},"end":{"line":70,"column":58}},"82":{"start":{"line":71,"column":24},"end":{"line":71,"column":57}},"83":{"start":{"line":73,"column":20},"end":{"line":73,"column":40}},"84":{"start":{"line":74,"column":20},"end":{"line":74,"column":41}},"85":{"start":{"line":75,"column":20},"end":{"line":75,"column":44}},"86":{"start":{"line":76,"column":24},"end":{"line":76,"column":46}},"87":{"start":{"line":82,"column":4},"end":{"line":117,"column":7}},"88":{"start":{"line":84,"column":8},"end":{"line":116,"column":11}},"89":{"start":{"line":85,"column":12},"end":{"line":115,"column":13}},"90":{"start":{"line":87,"column":20},"end":{"line":87,"column":104}},"91":{"start":{"line":88,"column":20},"end":{"line":88,"column":109}},"92":{"start":{"line":89,"column":20},"end":{"line":89,"column":51}},"93":{"start":{"line":90,"column":20},"end":{"line":90,"column":33}},"94":{"start":{"line":92,"column":20},"end":{"line":92,"column":46}},"95":{"start":{"line":93,"column":20},"end":{"line":105,"column":28}},"96":{"start":{"line":107,"column":20},"end":{"line":107,"column":41}},"97":{"start":{"line":108,"column":20},"end":{"line":108,"column":58}},"98":{"start":{"line":109,"column":24},"end":{"line":109,"column":57}},"99":{"start":{"line":111,"column":20},"end":{"line":111,"column":40}},"100":{"start":{"line":112,"column":20},"end":{"line":112,"column":41}},"101":{"start":{"line":113,"column":20},"end":{"line":113,"column":44}},"102":{"start":{"line":114,"column":24},"end":{"line":114,"column":46}},"103":{"start":{"line":119,"column":0},"end":{"line":139,"column":9}},"104":{"start":{"line":119,"column":15},"end":{"line":139,"column":3}},"105":{"start":{"line":120,"column":4},"end":{"line":138,"column":7}},"106":{"start":{"line":121,"column":8},"end":{"line":137,"column":9}},"107":{"start":{"line":122,"column":20},"end":{"line":126,"column":20}},"108":{"start":{"line":124,"column":20},"end":{"line":124,"column":50}},"109":{"start":{"line":125,"column":20},"end":{"line":125,"column":40}},"110":{"start":{"line":128,"column":16},"end":{"line":128,"column":26}},"111":{"start":{"line":129,"column":16},"end":{"line":133,"column":24}},"112":{"start":{"line":131,"column":24},"end":{"line":131,"column":57}},"113":{"start":{"line":132,"column":24},"end":{"line":132,"column":44}},"114":{"start":{"line":135,"column":16},"end":{"line":135,"column":26}},"115":{"start":{"line":136,"column":16},"end":{"line":136,"column":38}}},"fnMap":{"0":{"name":"(anonymous_0)","decl":{"start":{"line":2,"column":44},"end":{"line":2,"column":45}},"loc":{"start":{"line":2,"column":89},"end":{"line":9,"column":1}},"line":2},"1":{"name":"(anonymous_1)","decl":{"start":{"line":3,"column":36},"end":{"line":3,"column":37}},"loc":{"start":{"line":3,"column":63},"end":{"line":8,"column":5}},"line":3},"2":{"name":"fulfilled","decl":{"start":{"line":4,"column":17},"end":{"line":4,"column":26}},"loc":{"start":{"line":4,"column":34},"end":{"line":4,"column":99}},"line":4},"3":{"name":"rejected","decl":{"start":{"line":5,"column":17},"end":{"line":5,"column":25}},"loc":{"start":{"line":5,"column":33},"end":{"line":5,"column":102}},"line":5},"4":{"name":"step","decl":{"start":{"line":6,"column":17},"end":{"line":6,"column":21}},"loc":{"start":{"line":6,"column":30},"end":{"line":6,"column":151}},"line":6},"5":{"name":"(anonymous_5)","decl":{"start":{"line":6,"column":76},"end":{"line":6,"column":77}},"loc":{"start":{"line":6,"column":95},"end":{"line":6,"column":121}},"line":6},"6":{"name":"(anonymous_6)","decl":{"start":{"line":10,"column":48},"end":{"line":10,"column":49}},"loc":{"start":{"line":10,"column":73},"end":{"line":36,"column":1}},"line":10},"7":{"name":"(anonymous_7)","decl":{"start":{"line":11,"column":30},"end":{"line":11,"column":31}},"loc":{"start":{"line":11,"column":41},"end":{"line":11,"column":83}},"line":11},"8":{"name":"(anonymous_8)","decl":{"start":{"line":12,"column":125},"end":{"line":12,"column":126}},"loc":{"start":{"line":12,"column":136},"end":{"line":12,"column":152}},"line":12},"9":{"name":"verb","decl":{"start":{"line":13,"column":13},"end":{"line":13,"column":17}},"loc":{"start":{"line":13,"column":21},"end":{"line":13,"column":70}},"line":13},"10":{"name":"(anonymous_10)","decl":{"start":{"line":13,"column":30},"end":{"line":13,"column":31}},"loc":{"start":{"line":13,"column":43},"end":{"line":13,"column":67}},"line":13},"11":{"name":"step","decl":{"start":{"line":14,"column":13},"end":{"line":14,"column":17}},"loc":{"start":{"line":14,"column":22},"end":{"line":35,"column":5}},"line":14},"12":{"name":"createUser","decl":{"start":{"line":43,"column":9},"end":{"line":43,"column":19}},"loc":{"start":{"line":43,"column":22},"end":{"line":80,"column":1}},"line":43},"13":{"name":"(anonymous_13)","decl":{"start":{"line":44,"column":43},"end":{"line":44,"column":44}},"loc":{"start":{"line":44,"column":55},"end":{"line":79,"column":5}},"line":44},"14":{"name":"(anonymous_14)","decl":{"start":{"line":46,"column":33},"end":{"line":46,"column":34}},"loc":{"start":{"line":46,"column":47},"end":{"line":78,"column":9}},"line":46},"15":{"name":"authUser","decl":{"start":{"line":81,"column":9},"end":{"line":81,"column":17}},"loc":{"start":{"line":81,"column":20},"end":{"line":118,"column":1}},"line":81},"16":{"name":"(anonymous_16)","decl":{"start":{"line":82,"column":43},"end":{"line":82,"column":44}},"loc":{"start":{"line":82,"column":55},"end":{"line":117,"column":5}},"line":82},"17":{"name":"(anonymous_17)","decl":{"start":{"line":84,"column":33},"end":{"line":84,"column":34}},"loc":{"start":{"line":84,"column":47},"end":{"line":116,"column":9}},"line":84},"18":{"name":"(anonymous_18)","decl":{"start":{"line":119,"column":1},"end":{"line":119,"column":2}},"loc":{"start":{"line":119,"column":13},"end":{"line":139,"column":5}},"line":119},"19":{"name":"(anonymous_19)","decl":{"start":{"line":119,"column":55},"end":{"line":119,"column":56}},"loc":{"start":{"line":119,"column":67},"end":{"line":139,"column":1}},"line":119},"20":{"name":"(anonymous_20)","decl":{"start":{"line":120,"column":29},"end":{"line":120,"column":30}},"loc":{"start":{"line":120,"column":43},"end":{"line":138,"column":5}},"line":120},"21":{"name":"(anonymous_21)","decl":{"start":{"line":123,"column":26},"end":{"line":123,"column":27}},"loc":{"start":{"line":123,"column":44},"end":{"line":126,"column":17}},"line":123},"22":{"name":"(anonymous_22)","decl":{"start":{"line":130,"column":30},"end":{"line":130,"column":31}},"loc":{"start":{"line":130,"column":48},"end":{"line":133,"column":21}},"line":130}},"branchMap":{"0":{"loc":{"start":{"line":2,"column":16},"end":{"line":9,"column":1}},"type":"binary-expr","locations":[{"start":{"line":2,"column":17},"end":{"line":2,"column":21}},{"start":{"line":2,"column":25},"end":{"line":2,"column":39}},{"start":{"line":2,"column":44},"end":{"line":9,"column":1}}],"line":2},"1":{"loc":{"start":{"line":3,"column":16},"end":{"line":3,"column":34}},"type":"binary-expr","locations":[{"start":{"line":3,"column":16},"end":{"line":3,"column":17}},{"start":{"line":3,"column":22},"end":{"line":3,"column":33}}],"line":3},"2":{"loc":{"start":{"line":6,"column":32},"end":{"line":6,"column":148}},"type":"cond-expr","locations":[{"start":{"line":6,"column":46},"end":{"line":6,"column":67}},{"start":{"line":6,"column":70},"end":{"line":6,"column":148}}],"line":6},"3":{"loc":{"start":{"line":7,"column":51},"end":{"line":7,"column":67}},"type":"binary-expr","locations":[{"start":{"line":7,"column":51},"end":{"line":7,"column":61}},{"start":{"line":7,"column":65},"end":{"line":7,"column":67}}],"line":7},"4":{"loc":{"start":{"line":10,"column":18},"end":{"line":36,"column":1}},"type":"binary-expr","locations":[{"start":{"line":10,"column":19},"end":{"line":10,"column":23}},{"start":{"line":10,"column":27},"end":{"line":10,"column":43}},{"start":{"line":10,"column":48},"end":{"line":36,"column":1}}],"line":10},"5":{"loc":{"start":{"line":11,"column":43},"end":{"line":11,"column":68}},"type":"if","locations":[{"start":{"line":11,"column":43},"end":{"line":11,"column":68}},{"start":{"line":11,"column":43},"end":{"line":11,"column":68}}],"line":11},"6":{"loc":{"start":{"line":12,"column":71},"end":{"line":12,"column":153}},"type":"binary-expr","locations":[{"start":{"line":12,"column":71},"end":{"line":12,"column":99}},{"start":{"line":12,"column":104},"end":{"line":12,"column":152}}],"line":12},"7":{"loc":{"start":{"line":15,"column":8},"end":{"line":15,"column":70}},"type":"if","locations":[{"start":{"line":15,"column":8},"end":{"line":15,"column":70}},{"start":{"line":15,"column":8},"end":{"line":15,"column":70}}],"line":15},"8":{"loc":{"start":{"line":17,"column":12},"end":{"line":17,"column":127}},"type":"if","locations":[{"start":{"line":17,"column":12},"end":{"line":17,"column":127}},{"start":{"line":17,"column":12},"end":{"line":17,"column":127}}],"line":17},"9":{"loc":{"start":{"line":17,"column":23},"end":{"line":17,"column":116}},"type":"binary-expr","locations":[{"start":{"line":17,"column":23},"end":{"line":17,"column":24}},{"start":{"line":17,"column":29},"end":{"line":17,"column":83}},{"start":{"line":17,"column":88},"end":{"line":17,"column":116}}],"line":17},"10":{"loc":{"start":{"line":17,"column":35},"end":{"line":17,"column":82}},"type":"cond-expr","locations":[{"start":{"line":17,"column":47},"end":{"line":17,"column":55}},{"start":{"line":17,"column":58},"end":{"line":17,"column":82}}],"line":17},"11":{"loc":{"start":{"line":17,"column":58},"end":{"line":17,"column":82}},"type":"cond-expr","locations":[{"start":{"line":17,"column":66},"end":{"line":17,"column":73}},{"start":{"line":17,"column":76},"end":{"line":17,"column":82}}],"line":17},"12":{"loc":{"start":{"line":18,"column":12},"end":{"line":18,"column":44}},"type":"if","locations":[{"start":{"line":18,"column":12},"end":{"line":18,"column":44}},{"start":{"line":18,"column":12},"end":{"line":18,"column":44}}],"line":18},"13":{"loc":{"start":{"line":19,"column":12},"end":{"line":31,"column":13}},"type":"switch","locations":[{"start":{"line":20,"column":16},"end":{"line":20,"column":23}},{"start":{"line":20,"column":24},"end":{"line":20,"column":46}},{"start":{"line":21,"column":16},"end":{"line":21,"column":72}},{"start":{"line":22,"column":16},"end":{"line":22,"column":65}},{"start":{"line":23,"column":16},"end":{"line":23,"column":65}},{"start":{"line":24,"column":16},"end":{"line":30,"column":43}}],"line":19},"14":{"loc":{"start":{"line":25,"column":20},"end":{"line":25,"column":128}},"type":"if","locations":[{"start":{"line":25,"column":20},"end":{"line":25,"column":128}},{"start":{"line":25,"column":20},"end":{"line":25,"column":128}}],"line":25},"15":{"loc":{"start":{"line":25,"column":24},"end":{"line":25,"column":106}},"type":"binary-expr","locations":[{"start":{"line":25,"column":24},"end":{"line":25,"column":74}},{"start":{"line":25,"column":79},"end":{"line":25,"column":90}},{"start":{"line":25,"column":94},"end":{"line":25,"column":105}}],"line":25},"16":{"loc":{"start":{"line":25,"column":42},"end":{"line":25,"column":73}},"type":"binary-expr","locations":[{"start":{"line":25,"column":42},"end":{"line":25,"column":54}},{"start":{"line":25,"column":58},"end":{"line":25,"column":73}}],"line":25},"17":{"loc":{"start":{"line":26,"column":20},"end":{"line":26,"column":106}},"type":"if","locations":[{"start":{"line":26,"column":20},"end":{"line":26,"column":106}},{"start":{"line":26,"column":20},"end":{"line":26,"column":106}}],"line":26},"18":{"loc":{"start":{"line":26,"column":24},"end":{"line":26,"column":77}},"type":"binary-expr","locations":[{"start":{"line":26,"column":24},"end":{"line":26,"column":35}},{"start":{"line":26,"column":40},"end":{"line":26,"column":42}},{"start":{"line":26,"column":47},"end":{"line":26,"column":59}},{"start":{"line":26,"column":63},"end":{"line":26,"column":75}}],"line":26},"19":{"loc":{"start":{"line":27,"column":20},"end":{"line":27,"column":89}},"type":"if","locations":[{"start":{"line":27,"column":20},"end":{"line":27,"column":89}},{"start":{"line":27,"column":20},"end":{"line":27,"column":89}}],"line":27},"20":{"loc":{"start":{"line":27,"column":24},"end":{"line":27,"column":53}},"type":"binary-expr","locations":[{"start":{"line":27,"column":24},"end":{"line":27,"column":35}},{"start":{"line":27,"column":39},"end":{"line":27,"column":53}}],"line":27},"21":{"loc":{"start":{"line":28,"column":20},"end":{"line":28,"column":87}},"type":"if","locations":[{"start":{"line":28,"column":20},"end":{"line":28,"column":87}},{"start":{"line":28,"column":20},"end":{"line":28,"column":87}}],"line":28},"22":{"loc":{"start":{"line":28,"column":24},"end":{"line":28,"column":43}},"type":"binary-expr","locations":[{"start":{"line":28,"column":24},"end":{"line":28,"column":25}},{"start":{"line":28,"column":29},"end":{"line":28,"column":43}}],"line":28},"23":{"loc":{"start":{"line":29,"column":20},"end":{"line":29,"column":42}},"type":"if","locations":[{"start":{"line":29,"column":20},"end":{"line":29,"column":42}},{"start":{"line":29,"column":20},"end":{"line":29,"column":42}}],"line":29},"24":{"loc":{"start":{"line":34,"column":8},"end":{"line":34,"column":35}},"type":"if","locations":[{"start":{"line":34,"column":8},"end":{"line":34,"column":35}},{"start":{"line":34,"column":8},"end":{"line":34,"column":35}}],"line":34},"25":{"loc":{"start":{"line":34,"column":52},"end":{"line":34,"column":74}},"type":"cond-expr","locations":[{"start":{"line":34,"column":60},"end":{"line":34,"column":65}},{"start":{"line":34,"column":68},"end":{"line":34,"column":74}}],"line":34},"26":{"loc":{"start":{"line":47,"column":12},"end":{"line":77,"column":13}},"type":"switch","locations":[{"start":{"line":48,"column":16},"end":{"line":52,"column":33}},{"start":{"line":53,"column":16},"end":{"line":67,"column":28}},{"start":{"line":68,"column":16},"end":{"line":70,"column":58}},{"start":{"line":71,"column":16},"end":{"line":71,"column":57}},{"start":{"line":72,"column":16},"end":{"line":75,"column":44}},{"start":{"line":76,"column":16},"end":{"line":76,"column":46}}],"line":47},"27":{"loc":{"start":{"line":85,"column":12},"end":{"line":115,"column":13}},"type":"switch","locations":[{"start":{"line":86,"column":16},"end":{"line":90,"column":33}},{"start":{"line":91,"column":16},"end":{"line":105,"column":28}},{"start":{"line":106,"column":16},"end":{"line":108,"column":58}},{"start":{"line":109,"column":16},"end":{"line":109,"column":57}},{"start":{"line":110,"column":16},"end":{"line":113,"column":44}},{"start":{"line":114,"column":16},"end":{"line":114,"column":46}}],"line":85},"28":{"loc":{"start":{"line":121,"column":8},"end":{"line":137,"column":9}},"type":"switch","locations":[{"start":{"line":122,"column":12},"end":{"line":126,"column":20}},{"start":{"line":127,"column":12},"end":{"line":133,"column":24}},{"start":{"line":134,"column":12},"end":{"line":136,"column":38}}],"line":121}},"s":{"0":0,"1":0,"2":0,"3":0,"4":0,"5":0,"6":0,"7":0,"8":0,"9":0,"10":0,"11":0,"12":0,"13":0,"14":0,"15":0,"16":0,"17":0,"18":0,"19":0,"20":0,"21":0,"22":0,"23":0,"24":0,"25":0,"26":0,"27":0,"28":0,"29":0,"30":0,"31":0,"32":0,"33":0,"34":0,"35":0,"36":0,"37":0,"38":0,"39":0,"40":0,"41":0,"42":0,"43":0,"44":0,"45":0,"46":0,"47":0,"48":0,"49":0,"50":0,"51":0,"52":0,"53":0,"54":0,"55":0,"56":0,"57":0,"58":0,"59":0,"60":0,"61":0,"62":0,"63":0,"64":0,"65":0,"66":0,"67":0,"68":0,"69":0,"70":0,"71":0,"72":0,"73":0,"74":0,"75":0,"76":0,"77":0,"78":0,"79":0,"80":0,"81":0,"82":0,"83":0,"84":0,"85":0,"86":0,"87":0,"88":0,"89":0,"90":0,"91":0,"92":0,"93":0,"94":0,"95":0,"96":0,"97":0,"98":0,"99":0,"100":0,"101":0,"102":0,"103":0,"104":0,"105":0,"106":0,"107":0,"108":0,"109":0,"110":0,"111":0,"112":0,"113":0,"114":0,"115":0},"f":{"0":0,"1":0,"2":0,"3":0,"4":0,"5":0,"6":0,"7":0,"8":0,"9":0,"10":0,"11":0,"12":0,"13":0,"14":0,"15":0,"16":0,"17":0,"18":0,"19":0,"20":0,"21":0,"22":0},"b":{"0":[0,0,0],"1":[0,0],"2":[0,0],"3":[0,0],"4":[0,0,0],"5":[0,0],"6":[0,0],"7":[0,0],"8":[0,0],"9":[0,0,0],"10":[0,0],"11":[0,0],"12":[0,0],"13":[0,0,0,0,0,0],"14":[0,0],"15":[0,0,0],"16":[0,0],"17":[0,0],"18":[0,0,0,0],"19":[0,0],"20":[0,0],"21":[0,0],"22":[0,0],"23":[0,0],"24":[0,0],"25":[0,0],"26":[0,0,0,0,0,0],"27":[0,0,0,0,0,0],"28":[0,0,0]}}}